2018-08-03 14:06:17,780 - WARNING - kazoo.client - Thread-8 - Connection dropped: socket connection error: Connection refused
2018-08-03 14:06:18,180 - WARNING - kazoo.client - Thread-8 - Connection dropped: socket connection error: Connection refused
2018-08-03 14:06:19,064 - WARNING - kazoo.client - Thread-8 - Connection dropped: socket connection error: Connection refused
2018-08-03 14:06:19,640 - WARNING - kazoo.client - Thread-8 - Connection dropped: socket connection error: Connection refused
2018-08-03 14:06:20,954 - WARNING - kazoo.client - Thread-8 - Connection dropped: socket connection error: Connection refused
2018-08-03 14:06:23,050 - WARNING - kazoo.client - Thread-8 - Connection dropped: socket connection error: Connection refused
2018-08-03 14:06:26,821 - WARNING - kazoo.client - Thread-8 - Connection dropped: socket connection error: Connection refused
2018-08-03 14:06:51,544 - INFO - OneActionExecutor - MainThread -  Token - I am one action executor Token.
2018-08-03 14:09:18,098 - INFO - OneActionExecutor - MainThread -  Randy - I am one action executor Randy.
2018-08-03 14:09:18,098 - ERROR - OneActionExecutor - MainThread - Failed to process 'DeploymentStartJob' object has no attribute '_deployment'.
Traceback (most recent call last):
  File "/Users/khaledbasbous/dev/slipstream/SlipStreamBootstrap/SlipStreamJobEngine/job/src/scripts/job_executor_one_action.py", line 27, in do_work
    action_instance.do_work()
  File "/Users/khaledbasbous/dev/slipstream/SlipStreamBootstrap/SlipStreamJobEngine/job/src/slipstream/job/actions/deployment_start.py", line 259, in do_work
    self.start_deployment()
  File "/Users/khaledbasbous/dev/slipstream/SlipStreamBootstrap/SlipStreamJobEngine/job/src/slipstream/job/actions/deployment_start.py", line 250, in start_deployment
    self.logger.info('Deployment start job started for {}.'.format(self.deployment['id']))
  File "/Users/khaledbasbous/dev/slipstream/SlipStreamBootstrap/SlipStreamJobEngine/job/src/slipstream/job/actions/deployment_start.py", line 84, in deployment
    if self._deployment is None:
AttributeError: 'DeploymentStartJob' object has no attribute '_deployment'
2018-08-03 14:10:17,794 - INFO - OneActionExecutor - MainThread -  Butters - I am one action executor Butters.
2018-08-03 14:10:17,794 - ERROR - OneActionExecutor - MainThread - Failed to process 'DeploymentStartJob' object has no attribute '_deployment'.
Traceback (most recent call last):
  File "/Users/khaledbasbous/dev/slipstream/SlipStreamBootstrap/SlipStreamJobEngine/job/src/scripts/job_executor_one_action.py", line 27, in do_work
    action_instance.do_work()
  File "/Users/khaledbasbous/dev/slipstream/SlipStreamBootstrap/SlipStreamJobEngine/job/src/slipstream/job/actions/deployment_start.py", line 260, in do_work
    self.start_deployment()
  File "/Users/khaledbasbous/dev/slipstream/SlipStreamBootstrap/SlipStreamJobEngine/job/src/slipstream/job/actions/deployment_start.py", line 251, in start_deployment
    self.logger.info('Deployment start job started for {}.'.format(self.deployment['id']))
  File "/Users/khaledbasbous/dev/slipstream/SlipStreamBootstrap/SlipStreamJobEngine/job/src/slipstream/job/actions/deployment_start.py", line 85, in deployment
    if self._deployment is None:
AttributeError: 'DeploymentStartJob' object has no attribute '_deployment'
2018-08-03 14:10:50,790 - INFO - OneActionExecutor - MainThread -  M. Garrison - I am one action executor M. Garrison.
2018-08-03 14:10:50,790 - INFO - DeploymentStartJob - MainThread - Deployment start job started for deployment/hard-coded-uuid.
2018-08-03 14:10:50,820 - ERROR - OneActionExecutor - MainThread - Failed to process credential/abcde not found.
Traceback (most recent call last):
  File "/Users/khaledbasbous/dev/slipstream/SlipStreamBootstrap/SlipStreamJobEngine/job/src/scripts/job_executor_one_action.py", line 27, in do_work
    action_instance.do_work()
  File "/Users/khaledbasbous/dev/slipstream/SlipStreamBootstrap/SlipStreamJobEngine/job/src/slipstream/job/actions/deployment_start.py", line 261, in do_work
    self.start_deployment()
  File "/Users/khaledbasbous/dev/slipstream/SlipStreamBootstrap/SlipStreamJobEngine/job/src/slipstream/job/actions/deployment_start.py", line 256, in start_deployment
    self.handle_deployment()
  File "/Users/khaledbasbous/dev/slipstream/SlipStreamBootstrap/SlipStreamJobEngine/job/src/slipstream/job/actions/deployment_start.py", line 218, in handle_deployment
    cloud_credential = self.ss_api.cimi_get(cloud_credential_id).json
  File "/Users/khaledbasbous/dev/slipstream/SlipStreamBootstrap/SlipStreamPythonAPI/api/src/slipstream/api/api.py", line 563, in cimi_get
    resp_json = self._cimi_get(resource_id=resource_id)
  File "/Users/khaledbasbous/dev/slipstream/SlipStreamBootstrap/SlipStreamPythonAPI/api/src/slipstream/api/api.py", line 542, in _cimi_get
    return self._cimi_request('GET', uri, params=params)
  File "/Users/khaledbasbous/dev/slipstream/SlipStreamBootstrap/SlipStreamPythonAPI/api/src/slipstream/api/api.py", line 536, in _cimi_request
    raise SlipStreamError(message, response)
SlipStreamError: credential/abcde not found
2018-08-03 14:12:39,032 - INFO - OneActionExecutor - MainThread -  Mr. Mackey - I am one action executor Mr. Mackey.
2018-08-03 14:12:39,032 - INFO - DeploymentStartJob - MainThread - Deployment start job started for deployment/hard-coded-uuid.
2018-08-03 14:12:39,329 - ERROR - OneActionExecutor - MainThread - Failed to process 'DeploymentStartJob' object has no attribute '_get_cloud_credential'.
Traceback (most recent call last):
  File "/Users/khaledbasbous/dev/slipstream/SlipStreamBootstrap/SlipStreamJobEngine/job/src/scripts/job_executor_one_action.py", line 27, in do_work
    action_instance.do_work()
  File "/Users/khaledbasbous/dev/slipstream/SlipStreamBootstrap/SlipStreamJobEngine/job/src/slipstream/job/actions/deployment_start.py", line 261, in do_work
    self.start_deployment()
  File "/Users/khaledbasbous/dev/slipstream/SlipStreamBootstrap/SlipStreamJobEngine/job/src/slipstream/job/actions/deployment_start.py", line 256, in start_deployment
    self.handle_deployment()
  File "/Users/khaledbasbous/dev/slipstream/SlipStreamBootstrap/SlipStreamJobEngine/job/src/slipstream/job/actions/deployment_start.py", line 227, in handle_deployment
    connector_instance = self.connector.instantiate_from_cimi(cloud_configuration, cloud_credential)
  File "/Users/khaledbasbous/dev/slipstream/SlipStreamBootstrap/SlipStreamJobEngine/job/src/slipstream/job/actions/deployment_start.py", line 100, in connector
    return load_module(connector_classes[self.connector_name])
  File "/Users/khaledbasbous/dev/slipstream/SlipStreamBootstrap/SlipStreamJobEngine/job/src/slipstream/job/actions/deployment_start.py", line 96, in connector_name
    return self.cloud_configuration['cloudServiceType']
  File "/Users/khaledbasbous/dev/slipstream/SlipStreamBootstrap/SlipStreamJobEngine/job/src/slipstream/job/actions/deployment_start.py", line 115, in cloud_configuration
    self._cloud_configuration = self._get_cloud_configuration()
  File "/Users/khaledbasbous/dev/slipstream/SlipStreamBootstrap/SlipStreamJobEngine/job/src/slipstream/job/actions/deployment_start.py", line 68, in _get_cloud_configuration
    return self.ss_api.cimi_get(self.cloud_name).json
  File "/Users/khaledbasbous/dev/slipstream/SlipStreamBootstrap/SlipStreamJobEngine/job/src/slipstream/job/actions/deployment_start.py", line 92, in cloud_name
    return self.cloud_credential['connector']['href']
  File "/Users/khaledbasbous/dev/slipstream/SlipStreamBootstrap/SlipStreamJobEngine/job/src/slipstream/job/actions/deployment_start.py", line 81, in cloud_credential
    self._cloud_credential = self._get_cloud_credential()
AttributeError: 'DeploymentStartJob' object has no attribute '_get_cloud_credential'
2018-08-03 14:15:12,032 - INFO - OneActionExecutor - MainThread -  Wendy - I am one action executor Wendy.
2018-08-03 14:15:12,033 - INFO - DeploymentStartJob - MainThread - Deployment start job started for deployment/hard-coded-uuid.
2018-08-03 14:15:12,265 - ERROR - OneActionExecutor - MainThread - Failed to process 'ExoscaleClientCloud' object has no attribute 'start'.
Traceback (most recent call last):
  File "/Users/khaledbasbous/dev/slipstream/SlipStreamBootstrap/SlipStreamJobEngine/job/src/scripts/job_executor_one_action.py", line 27, in do_work
    action_instance.do_work()
  File "/Users/khaledbasbous/dev/slipstream/SlipStreamBootstrap/SlipStreamJobEngine/job/src/slipstream/job/actions/deployment_start.py", line 261, in do_work
    self.start_deployment()
  File "/Users/khaledbasbous/dev/slipstream/SlipStreamBootstrap/SlipStreamJobEngine/job/src/slipstream/job/actions/deployment_start.py", line 256, in start_deployment
    self.handle_deployment()
  File "/Users/khaledbasbous/dev/slipstream/SlipStreamBootstrap/SlipStreamJobEngine/job/src/slipstream/job/actions/deployment_start.py", line 246, in handle_deployment
    connector_instance.start(module)
AttributeError: 'ExoscaleClientCloud' object has no attribute 'start'
2018-08-03 14:18:27,131 - INFO - OneActionExecutor - MainThread -  Stan - I am one action executor Stan.
2018-08-03 14:18:27,131 - INFO - DeploymentStartJob - MainThread - Deployment start job started for deployment/hard-coded-uuid.
2018-08-03 14:18:51,571 - INFO - OneActionExecutor - MainThread -  Butters - I am one action executor Butters.
2018-08-03 14:18:51,572 - INFO - DeploymentStartJob - MainThread - Deployment start job started for deployment/hard-coded-uuid.
2018-08-03 14:21:40,712 - INFO - OneActionExecutor - MainThread -  Chef - I am one action executor Chef.
2018-08-03 14:21:40,712 - INFO - DeploymentStartJob - MainThread - Deployment start job started for deployment/hard-coded-uuid.
2018-08-03 14:22:03,676 - ERROR - OneActionExecutor - MainThread - Failed to process 'SLIPSTREAM_CONNECTOR_INSTANCE'.
Traceback (most recent call last):
  File "/Users/khaledbasbous/dev/slipstream/SlipStreamBootstrap/SlipStreamJobEngine/job/src/scripts/job_executor_one_action.py", line 27, in do_work
    action_instance.do_work()
  File "/Users/khaledbasbous/dev/slipstream/SlipStreamBootstrap/SlipStreamJobEngine/job/src/slipstream/job/actions/deployment_start.py", line 261, in do_work
    self.start_deployment()
  File "/Users/khaledbasbous/dev/slipstream/SlipStreamBootstrap/SlipStreamJobEngine/job/src/slipstream/job/actions/deployment_start.py", line 256, in start_deployment
    self.handle_deployment()
  File "/Users/khaledbasbous/dev/slipstream/SlipStreamBootstrap/SlipStreamJobEngine/job/src/slipstream/job/actions/deployment_start.py", line 227, in handle_deployment
    connector_instance = self.connector.instantiate_from_cimi(cloud_configuration, cloud_credential)
  File "/Users/khaledbasbous/dev/slipstream/SlipStreamBootstrap/SlipStreamConnectorsEnterprise/exoscale/python/tar/slipstream_exoscale/ExoscaleClientCloud.py", line 60, in instantiate_from_cimi
    connector_instance = ExoscaleClientCloud(config_holder)
  File "/Users/khaledbasbous/dev/slipstream/SlipStreamBootstrap/SlipStreamConnectorsEnterprise/exoscale/python/tar/slipstream_exoscale/ExoscaleClientCloud.py", line 76, in __init__
    super(ExoscaleClientCloud, self).__init__(configHolder)
  File "/Users/khaledbasbous/dev/slipstream/SlipStreamBootstrap/SlipStreamConnectors/cloudstack/python/tar/slipstream_cloudstack/CloudStackClientCloud.py", line 90, in __init__
    super(CloudStackClientCloud, self).__init__(configHolder)
  File "/Users/khaledbasbous/dev/slipstream/SlipStreamBootstrap/SlipStreamClient/client/src/main/python/slipstream/cloudconnectors/BaseCloudConnector.py", line 315, in __init__
    self.__cloud = os.environ[util.ENV_CONNECTOR_INSTANCE]
  File "/Users/khaledbasbous/venv_dev/bin/../lib/python2.7/UserDict.py", line 40, in __getitem__
    raise KeyError(key)
KeyError: 'SLIPSTREAM_CONNECTOR_INSTANCE'
2018-08-03 14:39:14,055 - INFO - OneActionExecutor - MainThread -  Kyle - I am one action executor Kyle.
2018-08-03 14:39:14,055 - INFO - DeploymentStartJob - MainThread - Deployment start job started for deployment/hard-coded-uuid.
2018-08-03 14:39:37,154 - ERROR - OneActionExecutor - MainThread - Failed to process 'ExoscaleClientCloud' object has no attribute 'start'.
Traceback (most recent call last):
  File "/Users/khaledbasbous/dev/slipstream/SlipStreamBootstrap/SlipStreamJobEngine/job/src/scripts/job_executor_one_action.py", line 27, in do_work
    action_instance.do_work()
  File "/Users/khaledbasbous/dev/slipstream/SlipStreamBootstrap/SlipStreamJobEngine/job/src/slipstream/job/actions/deployment_start.py", line 261, in do_work
    self.start_deployment()
  File "/Users/khaledbasbous/dev/slipstream/SlipStreamBootstrap/SlipStreamJobEngine/job/src/slipstream/job/actions/deployment_start.py", line 256, in start_deployment
    self.handle_deployment()
  File "/Users/khaledbasbous/dev/slipstream/SlipStreamBootstrap/SlipStreamJobEngine/job/src/slipstream/job/actions/deployment_start.py", line 246, in handle_deployment
    connector_instance.start(module)
AttributeError: 'ExoscaleClientCloud' object has no attribute 'start'
2018-08-06 10:12:21,782 - INFO - OneActionExecutor - MainThread -  Ike - I am one action executor Ike.
2018-08-06 10:12:21,783 - INFO - DeploymentStartJob - MainThread - Deployment start job started for deployment/hard-coded-uuid.
2018-08-06 10:13:54,377 - INFO - OneActionExecutor - MainThread -  Wendy - I am one action executor Wendy.
2018-08-06 10:13:54,378 - INFO - DeploymentStartJob - MainThread - Deployment start job started for deployment/hard-coded-uuid.
2018-08-06 10:14:47,788 - ERROR - OneActionExecutor - MainThread - Failed to process 'DeploymentStartJob' object has no attribute 'user_info'.
Traceback (most recent call last):
  File "/Users/khaledbasbous/dev/slipstream/SlipStreamBootstrap/SlipStreamJobEngine/job/src/scripts/job_executor_one_action.py", line 27, in do_work
    action_instance.do_work()
  File "/Users/khaledbasbous/dev/slipstream/SlipStreamBootstrap/SlipStreamJobEngine/job/src/slipstream/job/actions/deployment_start.py", line 327, in do_work
    self.start_deployment()
  File "/Users/khaledbasbous/dev/slipstream/SlipStreamBootstrap/SlipStreamJobEngine/job/src/slipstream/job/actions/deployment_start.py", line 322, in start_deployment
    self.handle_deployment()
  File "/Users/khaledbasbous/dev/slipstream/SlipStreamBootstrap/SlipStreamJobEngine/job/src/slipstream/job/actions/deployment_start.py", line 312, in handle_deployment
    connector_instance.start_nodes_and_clients(self.user_info, node_instances,
AttributeError: 'DeploymentStartJob' object has no attribute 'user_info'
2018-08-06 10:15:30,101 - INFO - OneActionExecutor - MainThread -  Stan - I am one action executor Stan.
2018-08-06 10:15:30,101 - INFO - DeploymentStartJob - MainThread - Deployment start job started for deployment/hard-coded-uuid.
2018-08-06 10:15:45,033 - ERROR - OneActionExecutor - MainThread - Failed to process 'DeploymentStartJob' object has no attribute 'get_initialization_extra_kwargs'.
Traceback (most recent call last):
  File "/Users/khaledbasbous/dev/slipstream/SlipStreamBootstrap/SlipStreamJobEngine/job/src/scripts/job_executor_one_action.py", line 27, in do_work
    action_instance.do_work()
  File "/Users/khaledbasbous/dev/slipstream/SlipStreamBootstrap/SlipStreamJobEngine/job/src/slipstream/job/actions/deployment_start.py", line 327, in do_work
    self.start_deployment()
  File "/Users/khaledbasbous/dev/slipstream/SlipStreamBootstrap/SlipStreamJobEngine/job/src/slipstream/job/actions/deployment_start.py", line 322, in start_deployment
    self.handle_deployment()
  File "/Users/khaledbasbous/dev/slipstream/SlipStreamBootstrap/SlipStreamJobEngine/job/src/slipstream/job/actions/deployment_start.py", line 313, in handle_deployment
    self.get_initialization_extra_kwargs())
AttributeError: 'DeploymentStartJob' object has no attribute 'get_initialization_extra_kwargs'
2018-08-06 10:16:31,074 - INFO - OneActionExecutor - MainThread -  Chef - I am one action executor Chef.
2018-08-06 10:16:31,075 - INFO - DeploymentStartJob - MainThread - Deployment start job started for deployment/hard-coded-uuid.
2018-08-06 10:16:42,715 - ERROR - OneActionExecutor - MainThread - Failed to process 'dict' object has no attribute 'set_cloud_params'.
Traceback (most recent call last):
  File "/Users/khaledbasbous/dev/slipstream/SlipStreamBootstrap/SlipStreamJobEngine/job/src/scripts/job_executor_one_action.py", line 27, in do_work
    action_instance.do_work()
  File "/Users/khaledbasbous/dev/slipstream/SlipStreamBootstrap/SlipStreamJobEngine/job/src/slipstream/job/actions/deployment_start.py", line 328, in do_work
    self.start_deployment()
  File "/Users/khaledbasbous/dev/slipstream/SlipStreamBootstrap/SlipStreamJobEngine/job/src/slipstream/job/actions/deployment_start.py", line 323, in start_deployment
    self.handle_deployment()
  File "/Users/khaledbasbous/dev/slipstream/SlipStreamBootstrap/SlipStreamJobEngine/job/src/slipstream/job/actions/deployment_start.py", line 314, in handle_deployment
    initialization_extra_kwargs)
  File "/Users/khaledbasbous/dev/slipstream/SlipStreamBootstrap/SlipStreamClient/client/src/main/python/slipstream/cloudconnectors/BaseCloudConnector.py", line 430, in start_nodes_and_clients
    self._initialization(user_info, **init_extra_kwargs)
  File "/Users/khaledbasbous/dev/slipstream/SlipStreamBootstrap/SlipStreamClient/client/src/main/python/slipstream/util.py", line 119, in overrided_func
    return func(self, *args, **kwargs)
  File "/Users/khaledbasbous/dev/slipstream/SlipStreamBootstrap/SlipStreamConnectorsEnterprise/exoscale/python/tar/slipstream_exoscale/ExoscaleClientCloud.py", line 82, in _initialization
    user_info.set_cloud_params({'endpoint': self.EXOSCALE_COMPUTE_API_ENDPOINT})
AttributeError: 'dict' object has no attribute 'set_cloud_params'
2018-08-06 10:31:50,499 - INFO - OneActionExecutor - MainThread -  Wendy - I am one action executor Wendy.
2018-08-06 10:31:50,500 - INFO - DeploymentStartJob - MainThread - Deployment start job started for deployment/hard-coded-uuid.
2018-08-06 10:31:55,364 - INFO - OneActionExecutor - MainThread -  Mr. Mackey - I am one action executor Mr. Mackey.
2018-08-06 10:31:55,364 - INFO - DeploymentStartJob - MainThread - Deployment start job started for deployment/hard-coded-uuid.
2018-08-06 10:31:55,647 - ERROR - OneActionExecutor - MainThread - Failed to process 'instanceName'.
Traceback (most recent call last):
  File "/Users/khaledbasbous/dev/slipstream/SlipStreamBootstrap/SlipStreamJobEngine/job/src/scripts/job_executor_one_action.py", line 27, in do_work
    action_instance.do_work()
  File "/Users/khaledbasbous/dev/slipstream/SlipStreamBootstrap/SlipStreamJobEngine/job/src/slipstream/job/actions/deployment_start.py", line 337, in do_work
    self.start_deployment()
  File "/Users/khaledbasbous/dev/slipstream/SlipStreamBootstrap/SlipStreamJobEngine/job/src/slipstream/job/actions/deployment_start.py", line 332, in start_deployment
    self.handle_deployment()
  File "/Users/khaledbasbous/dev/slipstream/SlipStreamBootstrap/SlipStreamJobEngine/job/src/slipstream/job/actions/deployment_start.py", line 274, in handle_deployment
    user_info = UserInfo(cloud_credential['instanceName'])
KeyError: 'instanceName'
2018-08-06 10:32:30,249 - INFO - OneActionExecutor - MainThread -  Token - I am one action executor Token.
2018-08-06 10:32:30,250 - INFO - DeploymentStartJob - MainThread - Deployment start job started for deployment/hard-coded-uuid.
2018-08-06 10:32:30,564 - ERROR - OneActionExecutor - MainThread - Failed to process 'instanceName'.
Traceback (most recent call last):
  File "/Users/khaledbasbous/dev/slipstream/SlipStreamBootstrap/SlipStreamJobEngine/job/src/scripts/job_executor_one_action.py", line 27, in do_work
    action_instance.do_work()
  File "/Users/khaledbasbous/dev/slipstream/SlipStreamBootstrap/SlipStreamJobEngine/job/src/slipstream/job/actions/deployment_start.py", line 338, in do_work
    self.start_deployment()
  File "/Users/khaledbasbous/dev/slipstream/SlipStreamBootstrap/SlipStreamJobEngine/job/src/slipstream/job/actions/deployment_start.py", line 333, in start_deployment
    self.handle_deployment()
  File "/Users/khaledbasbous/dev/slipstream/SlipStreamBootstrap/SlipStreamJobEngine/job/src/slipstream/job/actions/deployment_start.py", line 275, in handle_deployment
    user_info = UserInfo(cloud_credential['instanceName'])
KeyError: 'instanceName'
2018-08-06 10:33:10,389 - INFO - OneActionExecutor - MainThread -  Kyle - I am one action executor Kyle.
2018-08-06 10:33:10,389 - INFO - DeploymentStartJob - MainThread - Deployment start job started for deployment/hard-coded-uuid.
2018-08-06 10:33:10,734 - ERROR - OneActionExecutor - MainThread - Failed to process 'endpoint'.
Traceback (most recent call last):
  File "/Users/khaledbasbous/dev/slipstream/SlipStreamBootstrap/SlipStreamJobEngine/job/src/scripts/job_executor_one_action.py", line 27, in do_work
    action_instance.do_work()
  File "/Users/khaledbasbous/dev/slipstream/SlipStreamBootstrap/SlipStreamJobEngine/job/src/slipstream/job/actions/deployment_start.py", line 338, in do_work
    self.start_deployment()
  File "/Users/khaledbasbous/dev/slipstream/SlipStreamBootstrap/SlipStreamJobEngine/job/src/slipstream/job/actions/deployment_start.py", line 333, in start_deployment
    self.handle_deployment()
  File "/Users/khaledbasbous/dev/slipstream/SlipStreamBootstrap/SlipStreamJobEngine/job/src/slipstream/job/actions/deployment_start.py", line 280, in handle_deployment
    UserInfo.CLOUD_ENDPOINT_KEY: cloud_credential['endpoint'],
KeyError: 'endpoint'
2018-08-06 10:33:34,445 - INFO - OneActionExecutor - MainThread -  Mr. Mackey - I am one action executor Mr. Mackey.
2018-08-06 10:33:34,449 - INFO - DeploymentStartJob - MainThread - Deployment start job started for deployment/hard-coded-uuid.
2018-08-06 10:33:34,712 - ERROR - OneActionExecutor - MainThread - Failed to process 'endpoint'.
Traceback (most recent call last):
  File "/Users/khaledbasbous/dev/slipstream/SlipStreamBootstrap/SlipStreamJobEngine/job/src/scripts/job_executor_one_action.py", line 27, in do_work
    action_instance.do_work()
  File "/Users/khaledbasbous/dev/slipstream/SlipStreamBootstrap/SlipStreamJobEngine/job/src/slipstream/job/actions/deployment_start.py", line 338, in do_work
    self.start_deployment()
  File "/Users/khaledbasbous/dev/slipstream/SlipStreamBootstrap/SlipStreamJobEngine/job/src/slipstream/job/actions/deployment_start.py", line 333, in start_deployment
    self.handle_deployment()
  File "/Users/khaledbasbous/dev/slipstream/SlipStreamBootstrap/SlipStreamJobEngine/job/src/slipstream/job/actions/deployment_start.py", line 280, in handle_deployment
    UserInfo.CLOUD_ENDPOINT_KEY: cloud_credential['endpoint'],
KeyError: 'endpoint'
2018-08-06 10:33:45,775 - INFO - OneActionExecutor - MainThread -  Mr. Mackey - I am one action executor Mr. Mackey.
2018-08-06 10:33:45,776 - INFO - DeploymentStartJob - MainThread - Deployment start job started for deployment/hard-coded-uuid.
2018-08-06 10:35:30,153 - ERROR - OneActionExecutor - MainThread - Failed to process 'endpoint'.
Traceback (most recent call last):
  File "/Users/khaledbasbous/dev/slipstream/SlipStreamBootstrap/SlipStreamJobEngine/job/src/scripts/job_executor_one_action.py", line 27, in do_work
    action_instance.do_work()
  File "/Users/khaledbasbous/dev/slipstream/SlipStreamBootstrap/SlipStreamJobEngine/job/src/slipstream/job/actions/deployment_start.py", line 338, in do_work
    self.start_deployment()
  File "/Users/khaledbasbous/dev/slipstream/SlipStreamBootstrap/SlipStreamJobEngine/job/src/slipstream/job/actions/deployment_start.py", line 333, in start_deployment
    self.handle_deployment()
  File "/Users/khaledbasbous/dev/slipstream/SlipStreamBootstrap/SlipStreamJobEngine/job/src/slipstream/job/actions/deployment_start.py", line 280, in handle_deployment
    UserInfo.CLOUD_ENDPOINT_KEY: cloud_credential['endpoint'],
KeyError: 'endpoint'
2018-08-06 10:35:52,158 - INFO - OneActionExecutor - MainThread -  Tweek - I am one action executor Tweek.
2018-08-06 10:35:52,159 - INFO - DeploymentStartJob - MainThread - Deployment start job started for deployment/hard-coded-uuid.
2018-08-06 10:37:16,333 - ERROR - OneActionExecutor - MainThread - Failed to process 'function' object has no attribute 'items'.
Traceback (most recent call last):
  File "/Users/khaledbasbous/dev/slipstream/SlipStreamBootstrap/SlipStreamJobEngine/job/src/scripts/job_executor_one_action.py", line 27, in do_work
    action_instance.do_work()
  File "/Users/khaledbasbous/dev/slipstream/SlipStreamBootstrap/SlipStreamJobEngine/job/src/slipstream/job/actions/deployment_start.py", line 338, in do_work
    self.start_deployment()
  File "/Users/khaledbasbous/dev/slipstream/SlipStreamBootstrap/SlipStreamJobEngine/job/src/slipstream/job/actions/deployment_start.py", line 333, in start_deployment
    self.handle_deployment()
  File "/Users/khaledbasbous/dev/slipstream/SlipStreamBootstrap/SlipStreamJobEngine/job/src/slipstream/job/actions/deployment_start.py", line 324, in handle_deployment
    initialization_extra_kwargs)
  File "/Users/khaledbasbous/dev/slipstream/SlipStreamBootstrap/SlipStreamClient/client/src/main/python/slipstream/cloudconnectors/BaseCloudConnector.py", line 435, in start_nodes_and_clients
    nodes_instances)
  File "/Users/khaledbasbous/dev/slipstream/SlipStreamBootstrap/SlipStreamClient/client/src/main/python/slipstream/cloudconnectors/BaseCloudConnector.py", line 442, in __start_nodes_instantiation_tasks_wait_finished
    self.__wait_nodes_startup_tasks_finished()
  File "/Users/khaledbasbous/dev/slipstream/SlipStreamBootstrap/SlipStreamClient/client/src/main/python/slipstream/cloudconnectors/BaseCloudConnector.py", line 456, in __wait_nodes_startup_tasks_finished
    self.__tasks_runnner.wait_tasks_processed()
  File "/Users/khaledbasbous/dev/slipstream/SlipStreamBootstrap/SlipStreamClient/client/src/main/python/slipstream/utils/tasksrunner.py", line 58, in wait_tasks_processed
    self._process_exc_queue(ignore_exception)
  File "/Users/khaledbasbous/dev/slipstream/SlipStreamBootstrap/SlipStreamClient/client/src/main/python/slipstream/utils/tasksrunner.py", line 114, in run
    super(ThreadWrapper, self).run()
  File "/usr/local/Cellar/python@2/2.7.14_3/Frameworks/Python.framework/Versions/2.7/lib/python2.7/threading.py", line 754, in run
    self.__target(*self.__args, **self.__kwargs)
  File "/Users/khaledbasbous/dev/slipstream/SlipStreamBootstrap/SlipStreamClient/client/src/main/python/slipstream/utils/tasksrunner.py", line 92, in work
    self._executor(*task)
  File "/Users/khaledbasbous/dev/slipstream/SlipStreamBootstrap/SlipStreamClient/client/src/main/python/slipstream/cloudconnectors/BaseCloudConnector.py", line 465, in __start_node_instance_and_client
    self._generate_vm_name(node_instance_name))
  File "/Users/khaledbasbous/dev/slipstream/SlipStreamBootstrap/SlipStreamClient/client/src/main/python/slipstream/util.py", line 119, in overrided_func
    return func(self, *args, **kwargs)
  File "/Users/khaledbasbous/dev/slipstream/SlipStreamBootstrap/SlipStreamConnectorsEnterprise/exoscale/python/tar/slipstream_exoscale/ExoscaleClientCloud.py", line 121, in _start_image
    vm = super(ExoscaleClientCloud, self)._start_image(user_info, node_instance, vm_name)
  File "/Users/khaledbasbous/dev/slipstream/SlipStreamBootstrap/SlipStreamClient/client/src/main/python/slipstream/util.py", line 119, in overrided_func
    return func(self, *args, **kwargs)
  File "/Users/khaledbasbous/dev/slipstream/SlipStreamBootstrap/SlipStreamConnectors/cloudstack/python/tar/slipstream_cloudstack/CloudStackClientCloud.py", line 187, in _start_image
    return self._start_image_on_cloudstack(user_info, node_instance, vm_name)
  File "/Users/khaledbasbous/dev/slipstream/SlipStreamBootstrap/SlipStreamConnectors/cloudstack/python/tar/slipstream_cloudstack/CloudStackClientCloud.py", line 198, in _start_image_on_cloudstack
    contextualization_script = self._get_bootstrap_script_if_not_build_image(node_instance)
  File "/Users/khaledbasbous/dev/slipstream/SlipStreamBootstrap/SlipStreamClient/client/src/main/python/slipstream/cloudconnectors/BaseCloudConnector.py", line 814, in _get_bootstrap_script_if_not_build_image
    if not self.is_build_image() else ''
  File "/Users/khaledbasbous/dev/slipstream/SlipStreamBootstrap/SlipStreamClient/client/src/main/python/slipstream/cloudconnectors/BaseCloudConnector.py", line 835, in _get_bootstrap_script
    for var, val in node_instance.get_deployment_context.items():
AttributeError: 'function' object has no attribute 'items'
2018-08-06 10:38:54,515 - INFO - OneActionExecutor - MainThread -  Butters - I am one action executor Butters.
2018-08-06 10:38:54,516 - INFO - DeploymentStartJob - MainThread - Deployment start job started for deployment/hard-coded-uuid.
2018-08-06 10:39:02,181 - ERROR - OneActionExecutor - MainThread - Failed to process 'function' object has no attribute 'items'.
Traceback (most recent call last):
  File "/Users/khaledbasbous/dev/slipstream/SlipStreamBootstrap/SlipStreamJobEngine/job/src/scripts/job_executor_one_action.py", line 27, in do_work
    action_instance.do_work()
  File "/Users/khaledbasbous/dev/slipstream/SlipStreamBootstrap/SlipStreamJobEngine/job/src/slipstream/job/actions/deployment_start.py", line 338, in do_work
    self.start_deployment()
  File "/Users/khaledbasbous/dev/slipstream/SlipStreamBootstrap/SlipStreamJobEngine/job/src/slipstream/job/actions/deployment_start.py", line 333, in start_deployment
    self.handle_deployment()
  File "/Users/khaledbasbous/dev/slipstream/SlipStreamBootstrap/SlipStreamJobEngine/job/src/slipstream/job/actions/deployment_start.py", line 324, in handle_deployment
    initialization_extra_kwargs)
  File "/Users/khaledbasbous/dev/slipstream/SlipStreamBootstrap/SlipStreamClient/client/src/main/python/slipstream/cloudconnectors/BaseCloudConnector.py", line 435, in start_nodes_and_clients
    nodes_instances)
  File "/Users/khaledbasbous/dev/slipstream/SlipStreamBootstrap/SlipStreamClient/client/src/main/python/slipstream/cloudconnectors/BaseCloudConnector.py", line 442, in __start_nodes_instantiation_tasks_wait_finished
    self.__wait_nodes_startup_tasks_finished()
  File "/Users/khaledbasbous/dev/slipstream/SlipStreamBootstrap/SlipStreamClient/client/src/main/python/slipstream/cloudconnectors/BaseCloudConnector.py", line 456, in __wait_nodes_startup_tasks_finished
    self.__tasks_runnner.wait_tasks_processed()
  File "/Users/khaledbasbous/dev/slipstream/SlipStreamBootstrap/SlipStreamClient/client/src/main/python/slipstream/utils/tasksrunner.py", line 58, in wait_tasks_processed
    self._process_exc_queue(ignore_exception)
  File "/Users/khaledbasbous/dev/slipstream/SlipStreamBootstrap/SlipStreamClient/client/src/main/python/slipstream/utils/tasksrunner.py", line 114, in run
    super(ThreadWrapper, self).run()
  File "/usr/local/Cellar/python@2/2.7.14_3/Frameworks/Python.framework/Versions/2.7/lib/python2.7/threading.py", line 754, in run
    self.__target(*self.__args, **self.__kwargs)
  File "/Users/khaledbasbous/dev/slipstream/SlipStreamBootstrap/SlipStreamClient/client/src/main/python/slipstream/utils/tasksrunner.py", line 92, in work
    self._executor(*task)
  File "/Users/khaledbasbous/dev/slipstream/SlipStreamBootstrap/SlipStreamClient/client/src/main/python/slipstream/cloudconnectors/BaseCloudConnector.py", line 465, in __start_node_instance_and_client
    self._generate_vm_name(node_instance_name))
  File "/Users/khaledbasbous/dev/slipstream/SlipStreamBootstrap/SlipStreamClient/client/src/main/python/slipstream/util.py", line 119, in overrided_func
    return func(self, *args, **kwargs)
  File "/Users/khaledbasbous/dev/slipstream/SlipStreamBootstrap/SlipStreamConnectorsEnterprise/exoscale/python/tar/slipstream_exoscale/ExoscaleClientCloud.py", line 121, in _start_image
    vm = super(ExoscaleClientCloud, self)._start_image(user_info, node_instance, vm_name)
  File "/Users/khaledbasbous/dev/slipstream/SlipStreamBootstrap/SlipStreamClient/client/src/main/python/slipstream/util.py", line 119, in overrided_func
    return func(self, *args, **kwargs)
  File "/Users/khaledbasbous/dev/slipstream/SlipStreamBootstrap/SlipStreamConnectors/cloudstack/python/tar/slipstream_cloudstack/CloudStackClientCloud.py", line 187, in _start_image
    return self._start_image_on_cloudstack(user_info, node_instance, vm_name)
  File "/Users/khaledbasbous/dev/slipstream/SlipStreamBootstrap/SlipStreamConnectors/cloudstack/python/tar/slipstream_cloudstack/CloudStackClientCloud.py", line 198, in _start_image_on_cloudstack
    contextualization_script = self._get_bootstrap_script_if_not_build_image(node_instance)
  File "/Users/khaledbasbous/dev/slipstream/SlipStreamBootstrap/SlipStreamClient/client/src/main/python/slipstream/cloudconnectors/BaseCloudConnector.py", line 814, in _get_bootstrap_script_if_not_build_image
    if not self.is_build_image() else ''
  File "/Users/khaledbasbous/dev/slipstream/SlipStreamBootstrap/SlipStreamClient/client/src/main/python/slipstream/cloudconnectors/BaseCloudConnector.py", line 835, in _get_bootstrap_script
    for var, val in node_instance.get_deployment_context.items():
AttributeError: 'function' object has no attribute 'items'
2018-08-06 10:39:50,546 - INFO - OneActionExecutor - MainThread -  Mr. Slave - I am one action executor Mr. Slave.
2018-08-06 10:39:50,546 - INFO - DeploymentStartJob - MainThread - Deployment start job started for deployment/hard-coded-uuid.
2018-08-06 10:40:14,940 - ERROR - OneActionExecutor - MainThread - Failed to process 'NoneType' object has no attribute 'items'.
Traceback (most recent call last):
  File "/Users/khaledbasbous/dev/slipstream/SlipStreamBootstrap/SlipStreamJobEngine/job/src/scripts/job_executor_one_action.py", line 27, in do_work
    action_instance.do_work()
  File "/Users/khaledbasbous/dev/slipstream/SlipStreamBootstrap/SlipStreamJobEngine/job/src/slipstream/job/actions/deployment_start.py", line 338, in do_work
    self.start_deployment()
  File "/Users/khaledbasbous/dev/slipstream/SlipStreamBootstrap/SlipStreamJobEngine/job/src/slipstream/job/actions/deployment_start.py", line 333, in start_deployment
    self.handle_deployment()
  File "/Users/khaledbasbous/dev/slipstream/SlipStreamBootstrap/SlipStreamJobEngine/job/src/slipstream/job/actions/deployment_start.py", line 324, in handle_deployment
    initialization_extra_kwargs)
  File "/Users/khaledbasbous/dev/slipstream/SlipStreamBootstrap/SlipStreamClient/client/src/main/python/slipstream/cloudconnectors/BaseCloudConnector.py", line 435, in start_nodes_and_clients
    nodes_instances)
  File "/Users/khaledbasbous/dev/slipstream/SlipStreamBootstrap/SlipStreamClient/client/src/main/python/slipstream/cloudconnectors/BaseCloudConnector.py", line 442, in __start_nodes_instantiation_tasks_wait_finished
    self.__wait_nodes_startup_tasks_finished()
  File "/Users/khaledbasbous/dev/slipstream/SlipStreamBootstrap/SlipStreamClient/client/src/main/python/slipstream/cloudconnectors/BaseCloudConnector.py", line 456, in __wait_nodes_startup_tasks_finished
    self.__tasks_runnner.wait_tasks_processed()
  File "/Users/khaledbasbous/dev/slipstream/SlipStreamBootstrap/SlipStreamClient/client/src/main/python/slipstream/utils/tasksrunner.py", line 58, in wait_tasks_processed
    self._process_exc_queue(ignore_exception)
  File "/Users/khaledbasbous/dev/slipstream/SlipStreamBootstrap/SlipStreamClient/client/src/main/python/slipstream/utils/tasksrunner.py", line 114, in run
    super(ThreadWrapper, self).run()
  File "/usr/local/Cellar/python@2/2.7.14_3/Frameworks/Python.framework/Versions/2.7/lib/python2.7/threading.py", line 754, in run
    self.__target(*self.__args, **self.__kwargs)
  File "/Users/khaledbasbous/dev/slipstream/SlipStreamBootstrap/SlipStreamClient/client/src/main/python/slipstream/utils/tasksrunner.py", line 92, in work
    self._executor(*task)
  File "/Users/khaledbasbous/dev/slipstream/SlipStreamBootstrap/SlipStreamClient/client/src/main/python/slipstream/cloudconnectors/BaseCloudConnector.py", line 465, in __start_node_instance_and_client
    self._generate_vm_name(node_instance_name))
  File "/Users/khaledbasbous/dev/slipstream/SlipStreamBootstrap/SlipStreamClient/client/src/main/python/slipstream/util.py", line 119, in overrided_func
    return func(self, *args, **kwargs)
  File "/Users/khaledbasbous/dev/slipstream/SlipStreamBootstrap/SlipStreamConnectorsEnterprise/exoscale/python/tar/slipstream_exoscale/ExoscaleClientCloud.py", line 121, in _start_image
    vm = super(ExoscaleClientCloud, self)._start_image(user_info, node_instance, vm_name)
  File "/Users/khaledbasbous/dev/slipstream/SlipStreamBootstrap/SlipStreamClient/client/src/main/python/slipstream/util.py", line 119, in overrided_func
    return func(self, *args, **kwargs)
  File "/Users/khaledbasbous/dev/slipstream/SlipStreamBootstrap/SlipStreamConnectors/cloudstack/python/tar/slipstream_cloudstack/CloudStackClientCloud.py", line 187, in _start_image
    return self._start_image_on_cloudstack(user_info, node_instance, vm_name)
  File "/Users/khaledbasbous/dev/slipstream/SlipStreamBootstrap/SlipStreamConnectors/cloudstack/python/tar/slipstream_cloudstack/CloudStackClientCloud.py", line 198, in _start_image_on_cloudstack
    contextualization_script = self._get_bootstrap_script_if_not_build_image(node_instance)
  File "/Users/khaledbasbous/dev/slipstream/SlipStreamBootstrap/SlipStreamClient/client/src/main/python/slipstream/cloudconnectors/BaseCloudConnector.py", line 814, in _get_bootstrap_script_if_not_build_image
    if not self.is_build_image() else ''
  File "/Users/khaledbasbous/dev/slipstream/SlipStreamBootstrap/SlipStreamClient/client/src/main/python/slipstream/cloudconnectors/BaseCloudConnector.py", line 835, in _get_bootstrap_script
    for var, val in node_instance.get_deployment_context().items():
AttributeError: 'NoneType' object has no attribute 'items'
2018-08-06 10:41:21,740 - INFO - OneActionExecutor - MainThread -  Mr. Mackey - I am one action executor Mr. Mackey.
2018-08-06 10:41:21,741 - INFO - DeploymentStartJob - MainThread - Deployment start job started for deployment/hard-coded-uuid.
2018-08-06 10:41:38,896 - ERROR - OneActionExecutor - MainThread - Failed to process 'NoneType' object has no attribute 'items'.
Traceback (most recent call last):
  File "/Users/khaledbasbous/dev/slipstream/SlipStreamBootstrap/SlipStreamJobEngine/job/src/scripts/job_executor_one_action.py", line 27, in do_work
    action_instance.do_work()
  File "/Users/khaledbasbous/dev/slipstream/SlipStreamBootstrap/SlipStreamJobEngine/job/src/slipstream/job/actions/deployment_start.py", line 338, in do_work
    self.start_deployment()
  File "/Users/khaledbasbous/dev/slipstream/SlipStreamBootstrap/SlipStreamJobEngine/job/src/slipstream/job/actions/deployment_start.py", line 333, in start_deployment
    self.handle_deployment()
  File "/Users/khaledbasbous/dev/slipstream/SlipStreamBootstrap/SlipStreamJobEngine/job/src/slipstream/job/actions/deployment_start.py", line 324, in handle_deployment
    initialization_extra_kwargs)
  File "/Users/khaledbasbous/dev/slipstream/SlipStreamBootstrap/SlipStreamClient/client/src/main/python/slipstream/cloudconnectors/BaseCloudConnector.py", line 435, in start_nodes_and_clients
    nodes_instances)
  File "/Users/khaledbasbous/dev/slipstream/SlipStreamBootstrap/SlipStreamClient/client/src/main/python/slipstream/cloudconnectors/BaseCloudConnector.py", line 442, in __start_nodes_instantiation_tasks_wait_finished
    self.__wait_nodes_startup_tasks_finished()
  File "/Users/khaledbasbous/dev/slipstream/SlipStreamBootstrap/SlipStreamClient/client/src/main/python/slipstream/cloudconnectors/BaseCloudConnector.py", line 456, in __wait_nodes_startup_tasks_finished
    self.__tasks_runnner.wait_tasks_processed()
  File "/Users/khaledbasbous/dev/slipstream/SlipStreamBootstrap/SlipStreamClient/client/src/main/python/slipstream/utils/tasksrunner.py", line 58, in wait_tasks_processed
    self._process_exc_queue(ignore_exception)
  File "/Users/khaledbasbous/dev/slipstream/SlipStreamBootstrap/SlipStreamClient/client/src/main/python/slipstream/utils/tasksrunner.py", line 114, in run
    super(ThreadWrapper, self).run()
  File "/usr/local/Cellar/python@2/2.7.14_3/Frameworks/Python.framework/Versions/2.7/lib/python2.7/threading.py", line 754, in run
    self.__target(*self.__args, **self.__kwargs)
  File "/Users/khaledbasbous/dev/slipstream/SlipStreamBootstrap/SlipStreamClient/client/src/main/python/slipstream/utils/tasksrunner.py", line 92, in work
    self._executor(*task)
  File "/Users/khaledbasbous/dev/slipstream/SlipStreamBootstrap/SlipStreamClient/client/src/main/python/slipstream/cloudconnectors/BaseCloudConnector.py", line 465, in __start_node_instance_and_client
    self._generate_vm_name(node_instance_name))
  File "/Users/khaledbasbous/dev/slipstream/SlipStreamBootstrap/SlipStreamClient/client/src/main/python/slipstream/util.py", line 119, in overrided_func
    return func(self, *args, **kwargs)
  File "/Users/khaledbasbous/dev/slipstream/SlipStreamBootstrap/SlipStreamConnectorsEnterprise/exoscale/python/tar/slipstream_exoscale/ExoscaleClientCloud.py", line 121, in _start_image
    vm = super(ExoscaleClientCloud, self)._start_image(user_info, node_instance, vm_name)
  File "/Users/khaledbasbous/dev/slipstream/SlipStreamBootstrap/SlipStreamClient/client/src/main/python/slipstream/util.py", line 119, in overrided_func
    return func(self, *args, **kwargs)
  File "/Users/khaledbasbous/dev/slipstream/SlipStreamBootstrap/SlipStreamConnectors/cloudstack/python/tar/slipstream_cloudstack/CloudStackClientCloud.py", line 187, in _start_image
    return self._start_image_on_cloudstack(user_info, node_instance, vm_name)
  File "/Users/khaledbasbous/dev/slipstream/SlipStreamBootstrap/SlipStreamConnectors/cloudstack/python/tar/slipstream_cloudstack/CloudStackClientCloud.py", line 198, in _start_image_on_cloudstack
    contextualization_script = self._get_bootstrap_script_if_not_build_image(node_instance)
  File "/Users/khaledbasbous/dev/slipstream/SlipStreamBootstrap/SlipStreamClient/client/src/main/python/slipstream/cloudconnectors/BaseCloudConnector.py", line 814, in _get_bootstrap_script_if_not_build_image
    if not self.is_build_image() else ''
  File "/Users/khaledbasbous/dev/slipstream/SlipStreamBootstrap/SlipStreamClient/client/src/main/python/slipstream/cloudconnectors/BaseCloudConnector.py", line 835, in _get_bootstrap_script
    for var, val in node_instance.get_deployment_context().items():
AttributeError: 'NoneType' object has no attribute 'items'
2018-08-06 10:41:51,308 - INFO - OneActionExecutor - MainThread -  Tweek - I am one action executor Tweek.
2018-08-06 10:41:51,309 - INFO - DeploymentStartJob - MainThread - Deployment start job started for deployment/hard-coded-uuid.
2018-08-06 10:43:46,104 - ERROR - OneActionExecutor - MainThread - Failed to process 'NoneType' object has no attribute 'items'.
Traceback (most recent call last):
  File "/Users/khaledbasbous/dev/slipstream/SlipStreamBootstrap/SlipStreamJobEngine/job/src/scripts/job_executor_one_action.py", line 27, in do_work
    action_instance.do_work()
  File "/Users/khaledbasbous/dev/slipstream/SlipStreamBootstrap/SlipStreamJobEngine/job/src/slipstream/job/actions/deployment_start.py", line 338, in do_work
    self.start_deployment()
  File "/Users/khaledbasbous/dev/slipstream/SlipStreamBootstrap/SlipStreamJobEngine/job/src/slipstream/job/actions/deployment_start.py", line 333, in start_deployment
    self.handle_deployment()
  File "/Users/khaledbasbous/dev/slipstream/SlipStreamBootstrap/SlipStreamJobEngine/job/src/slipstream/job/actions/deployment_start.py", line 324, in handle_deployment
    initialization_extra_kwargs)
  File "/Users/khaledbasbous/dev/slipstream/SlipStreamBootstrap/SlipStreamClient/client/src/main/python/slipstream/cloudconnectors/BaseCloudConnector.py", line 435, in start_nodes_and_clients
    nodes_instances)
  File "/Users/khaledbasbous/dev/slipstream/SlipStreamBootstrap/SlipStreamClient/client/src/main/python/slipstream/cloudconnectors/BaseCloudConnector.py", line 442, in __start_nodes_instantiation_tasks_wait_finished
    self.__wait_nodes_startup_tasks_finished()
  File "/Users/khaledbasbous/dev/slipstream/SlipStreamBootstrap/SlipStreamClient/client/src/main/python/slipstream/cloudconnectors/BaseCloudConnector.py", line 456, in __wait_nodes_startup_tasks_finished
    self.__tasks_runnner.wait_tasks_processed()
  File "/Users/khaledbasbous/dev/slipstream/SlipStreamBootstrap/SlipStreamClient/client/src/main/python/slipstream/utils/tasksrunner.py", line 58, in wait_tasks_processed
    self._process_exc_queue(ignore_exception)
  File "/Users/khaledbasbous/dev/slipstream/SlipStreamBootstrap/SlipStreamClient/client/src/main/python/slipstream/utils/tasksrunner.py", line 114, in run
    super(ThreadWrapper, self).run()
  File "/usr/local/Cellar/python@2/2.7.14_3/Frameworks/Python.framework/Versions/2.7/lib/python2.7/threading.py", line 754, in run
    self.__target(*self.__args, **self.__kwargs)
  File "/Users/khaledbasbous/dev/slipstream/SlipStreamBootstrap/SlipStreamClient/client/src/main/python/slipstream/utils/tasksrunner.py", line 92, in work
    self._executor(*task)
  File "/Users/khaledbasbous/dev/slipstream/SlipStreamBootstrap/SlipStreamClient/client/src/main/python/slipstream/cloudconnectors/BaseCloudConnector.py", line 465, in __start_node_instance_and_client
    self._generate_vm_name(node_instance_name))
  File "/Users/khaledbasbous/dev/slipstream/SlipStreamBootstrap/SlipStreamClient/client/src/main/python/slipstream/util.py", line 119, in overrided_func
    return func(self, *args, **kwargs)
  File "/Users/khaledbasbous/dev/slipstream/SlipStreamBootstrap/SlipStreamConnectorsEnterprise/exoscale/python/tar/slipstream_exoscale/ExoscaleClientCloud.py", line 121, in _start_image
    vm = super(ExoscaleClientCloud, self)._start_image(user_info, node_instance, vm_name)
  File "/Users/khaledbasbous/dev/slipstream/SlipStreamBootstrap/SlipStreamClient/client/src/main/python/slipstream/util.py", line 119, in overrided_func
    return func(self, *args, **kwargs)
  File "/Users/khaledbasbous/dev/slipstream/SlipStreamBootstrap/SlipStreamConnectors/cloudstack/python/tar/slipstream_cloudstack/CloudStackClientCloud.py", line 187, in _start_image
    return self._start_image_on_cloudstack(user_info, node_instance, vm_name)
  File "/Users/khaledbasbous/dev/slipstream/SlipStreamBootstrap/SlipStreamConnectors/cloudstack/python/tar/slipstream_cloudstack/CloudStackClientCloud.py", line 198, in _start_image_on_cloudstack
    contextualization_script = self._get_bootstrap_script_if_not_build_image(node_instance)
  File "/Users/khaledbasbous/dev/slipstream/SlipStreamBootstrap/SlipStreamClient/client/src/main/python/slipstream/cloudconnectors/BaseCloudConnector.py", line 814, in _get_bootstrap_script_if_not_build_image
    if not self.is_build_image() else ''
  File "/Users/khaledbasbous/dev/slipstream/SlipStreamBootstrap/SlipStreamClient/client/src/main/python/slipstream/cloudconnectors/BaseCloudConnector.py", line 835, in _get_bootstrap_script
    for var, val in node_instance.get_deployment_context().items():
AttributeError: 'NoneType' object has no attribute 'items'
2018-08-06 10:45:30,994 - INFO - OneActionExecutor - MainThread -  Wendy - I am one action executor Wendy.
2018-08-06 10:45:30,994 - INFO - DeploymentStartJob - MainThread - Deployment start job started for deployment/hard-coded-uuid.
2018-08-06 10:46:10,389 - INFO - OneActionExecutor - MainThread -  Kenny - I am one action executor Kenny.
2018-08-06 10:46:10,390 - INFO - DeploymentStartJob - MainThread - Deployment start job started for deployment/hard-coded-uuid.
2018-08-06 10:46:34,987 - ERROR - OneActionExecutor - MainThread - Failed to process ERROR: Environment variable SLIPSTREAM_BOOTSTRAP_BIN is required..
Traceback (most recent call last):
  File "/Users/khaledbasbous/dev/slipstream/SlipStreamBootstrap/SlipStreamJobEngine/job/src/scripts/job_executor_one_action.py", line 27, in do_work
    action_instance.do_work()
  File "/Users/khaledbasbous/dev/slipstream/SlipStreamBootstrap/SlipStreamJobEngine/job/src/slipstream/job/actions/deployment_start.py", line 338, in do_work
    self.start_deployment()
  File "/Users/khaledbasbous/dev/slipstream/SlipStreamBootstrap/SlipStreamJobEngine/job/src/slipstream/job/actions/deployment_start.py", line 333, in start_deployment
    self.handle_deployment()
  File "/Users/khaledbasbous/dev/slipstream/SlipStreamBootstrap/SlipStreamJobEngine/job/src/slipstream/job/actions/deployment_start.py", line 324, in handle_deployment
    initialization_extra_kwargs)
  File "/Users/khaledbasbous/dev/slipstream/SlipStreamBootstrap/SlipStreamClient/client/src/main/python/slipstream/cloudconnectors/BaseCloudConnector.py", line 435, in start_nodes_and_clients
    nodes_instances)
  File "/Users/khaledbasbous/dev/slipstream/SlipStreamBootstrap/SlipStreamClient/client/src/main/python/slipstream/cloudconnectors/BaseCloudConnector.py", line 442, in __start_nodes_instantiation_tasks_wait_finished
    self.__wait_nodes_startup_tasks_finished()
  File "/Users/khaledbasbous/dev/slipstream/SlipStreamBootstrap/SlipStreamClient/client/src/main/python/slipstream/cloudconnectors/BaseCloudConnector.py", line 456, in __wait_nodes_startup_tasks_finished
    self.__tasks_runnner.wait_tasks_processed()
  File "/Users/khaledbasbous/dev/slipstream/SlipStreamBootstrap/SlipStreamClient/client/src/main/python/slipstream/utils/tasksrunner.py", line 58, in wait_tasks_processed
    self._process_exc_queue(ignore_exception)
  File "/Users/khaledbasbous/dev/slipstream/SlipStreamBootstrap/SlipStreamClient/client/src/main/python/slipstream/utils/tasksrunner.py", line 114, in run
    super(ThreadWrapper, self).run()
  File "/usr/local/Cellar/python@2/2.7.14_3/Frameworks/Python.framework/Versions/2.7/lib/python2.7/threading.py", line 754, in run
    self.__target(*self.__args, **self.__kwargs)
  File "/Users/khaledbasbous/dev/slipstream/SlipStreamBootstrap/SlipStreamClient/client/src/main/python/slipstream/utils/tasksrunner.py", line 92, in work
    self._executor(*task)
  File "/Users/khaledbasbous/dev/slipstream/SlipStreamBootstrap/SlipStreamClient/client/src/main/python/slipstream/cloudconnectors/BaseCloudConnector.py", line 465, in __start_node_instance_and_client
    self._generate_vm_name(node_instance_name))
  File "/Users/khaledbasbous/dev/slipstream/SlipStreamBootstrap/SlipStreamClient/client/src/main/python/slipstream/util.py", line 119, in overrided_func
    return func(self, *args, **kwargs)
  File "/Users/khaledbasbous/dev/slipstream/SlipStreamBootstrap/SlipStreamConnectorsEnterprise/exoscale/python/tar/slipstream_exoscale/ExoscaleClientCloud.py", line 121, in _start_image
    vm = super(ExoscaleClientCloud, self)._start_image(user_info, node_instance, vm_name)
  File "/Users/khaledbasbous/dev/slipstream/SlipStreamBootstrap/SlipStreamClient/client/src/main/python/slipstream/util.py", line 119, in overrided_func
    return func(self, *args, **kwargs)
  File "/Users/khaledbasbous/dev/slipstream/SlipStreamBootstrap/SlipStreamConnectors/cloudstack/python/tar/slipstream_cloudstack/CloudStackClientCloud.py", line 187, in _start_image
    return self._start_image_on_cloudstack(user_info, node_instance, vm_name)
  File "/Users/khaledbasbous/dev/slipstream/SlipStreamBootstrap/SlipStreamConnectors/cloudstack/python/tar/slipstream_cloudstack/CloudStackClientCloud.py", line 198, in _start_image_on_cloudstack
    contextualization_script = self._get_bootstrap_script_if_not_build_image(node_instance)
  File "/Users/khaledbasbous/dev/slipstream/SlipStreamBootstrap/SlipStreamClient/client/src/main/python/slipstream/cloudconnectors/BaseCloudConnector.py", line 814, in _get_bootstrap_script_if_not_build_image
    if not self.is_build_image() else ''
  File "/Users/khaledbasbous/dev/slipstream/SlipStreamBootstrap/SlipStreamClient/client/src/main/python/slipstream/cloudconnectors/BaseCloudConnector.py", line 849, in _get_bootstrap_script
    username)
  File "/Users/khaledbasbous/dev/slipstream/SlipStreamBootstrap/SlipStreamClient/client/src/main/python/slipstream/cloudconnectors/BaseCloudConnector.py", line 862, in _build_slipstream_bootstrap_command
    return self.__build_slipstream_bootstrap_command_for_linux(instance_name)
  File "/Users/khaledbasbous/dev/slipstream/SlipStreamBootstrap/SlipStreamClient/client/src/main/python/slipstream/cloudconnectors/BaseCloudConnector.py", line 889, in __build_slipstream_bootstrap_command_for_linux
    return command % self._get_bootstrap_command_replacements_for_linux(instance_name)
  File "/Users/khaledbasbous/dev/slipstream/SlipStreamBootstrap/SlipStreamClient/client/src/main/python/slipstream/cloudconnectors/BaseCloudConnector.py", line 895, in _get_bootstrap_command_replacements_for_linux
    'bootstrapUrl': util.get_required_envvar('SLIPSTREAM_BOOTSTRAP_BIN'),
  File "/Users/khaledbasbous/dev/slipstream/SlipStreamBootstrap/SlipStreamClient/client/src/main/python/slipstream/util.py", line 839, in get_required_envvar
    raise Exception('ERROR: Environment variable %s is required.' % env_name)
Exception: ERROR: Environment variable SLIPSTREAM_BOOTSTRAP_BIN is required.
2018-08-06 10:48:43,763 - INFO - OneActionExecutor - MainThread -  Tweek - I am one action executor Tweek.
2018-08-06 10:48:43,763 - INFO - DeploymentStartJob - MainThread - Deployment start job started for deployment/hard-coded-uuid.
2018-08-06 10:49:04,036 - ERROR - OneActionExecutor - MainThread - Failed to process ERROR: Environment variable SLIPSTREAM_BOOTSTRAP_BIN is required..
Traceback (most recent call last):
  File "/Users/khaledbasbous/dev/slipstream/SlipStreamBootstrap/SlipStreamJobEngine/job/src/scripts/job_executor_one_action.py", line 27, in do_work
    action_instance.do_work()
  File "/Users/khaledbasbous/dev/slipstream/SlipStreamBootstrap/SlipStreamJobEngine/job/src/slipstream/job/actions/deployment_start.py", line 338, in do_work
    self.start_deployment()
  File "/Users/khaledbasbous/dev/slipstream/SlipStreamBootstrap/SlipStreamJobEngine/job/src/slipstream/job/actions/deployment_start.py", line 333, in start_deployment
    self.handle_deployment()
  File "/Users/khaledbasbous/dev/slipstream/SlipStreamBootstrap/SlipStreamJobEngine/job/src/slipstream/job/actions/deployment_start.py", line 324, in handle_deployment
    initialization_extra_kwargs)
  File "/Users/khaledbasbous/dev/slipstream/SlipStreamBootstrap/SlipStreamClient/client/src/main/python/slipstream/cloudconnectors/BaseCloudConnector.py", line 435, in start_nodes_and_clients
    nodes_instances)
  File "/Users/khaledbasbous/dev/slipstream/SlipStreamBootstrap/SlipStreamClient/client/src/main/python/slipstream/cloudconnectors/BaseCloudConnector.py", line 442, in __start_nodes_instantiation_tasks_wait_finished
    self.__wait_nodes_startup_tasks_finished()
  File "/Users/khaledbasbous/dev/slipstream/SlipStreamBootstrap/SlipStreamClient/client/src/main/python/slipstream/cloudconnectors/BaseCloudConnector.py", line 456, in __wait_nodes_startup_tasks_finished
    self.__tasks_runnner.wait_tasks_processed()
  File "/Users/khaledbasbous/dev/slipstream/SlipStreamBootstrap/SlipStreamClient/client/src/main/python/slipstream/utils/tasksrunner.py", line 58, in wait_tasks_processed
    self._process_exc_queue(ignore_exception)
  File "/Users/khaledbasbous/dev/slipstream/SlipStreamBootstrap/SlipStreamClient/client/src/main/python/slipstream/utils/tasksrunner.py", line 114, in run
    super(ThreadWrapper, self).run()
  File "/usr/local/Cellar/python@2/2.7.14_3/Frameworks/Python.framework/Versions/2.7/lib/python2.7/threading.py", line 754, in run
    self.__target(*self.__args, **self.__kwargs)
  File "/Users/khaledbasbous/dev/slipstream/SlipStreamBootstrap/SlipStreamClient/client/src/main/python/slipstream/utils/tasksrunner.py", line 92, in work
    self._executor(*task)
  File "/Users/khaledbasbous/dev/slipstream/SlipStreamBootstrap/SlipStreamClient/client/src/main/python/slipstream/cloudconnectors/BaseCloudConnector.py", line 465, in __start_node_instance_and_client
    self._generate_vm_name(node_instance_name))
  File "/Users/khaledbasbous/dev/slipstream/SlipStreamBootstrap/SlipStreamClient/client/src/main/python/slipstream/util.py", line 119, in overrided_func
    return func(self, *args, **kwargs)
  File "/Users/khaledbasbous/dev/slipstream/SlipStreamBootstrap/SlipStreamConnectorsEnterprise/exoscale/python/tar/slipstream_exoscale/ExoscaleClientCloud.py", line 121, in _start_image
    vm = super(ExoscaleClientCloud, self)._start_image(user_info, node_instance, vm_name)
  File "/Users/khaledbasbous/dev/slipstream/SlipStreamBootstrap/SlipStreamClient/client/src/main/python/slipstream/util.py", line 119, in overrided_func
    return func(self, *args, **kwargs)
  File "/Users/khaledbasbous/dev/slipstream/SlipStreamBootstrap/SlipStreamConnectors/cloudstack/python/tar/slipstream_cloudstack/CloudStackClientCloud.py", line 187, in _start_image
    return self._start_image_on_cloudstack(user_info, node_instance, vm_name)
  File "/Users/khaledbasbous/dev/slipstream/SlipStreamBootstrap/SlipStreamConnectors/cloudstack/python/tar/slipstream_cloudstack/CloudStackClientCloud.py", line 198, in _start_image_on_cloudstack
    contextualization_script = self._get_bootstrap_script_if_not_build_image(node_instance)
  File "/Users/khaledbasbous/dev/slipstream/SlipStreamBootstrap/SlipStreamClient/client/src/main/python/slipstream/cloudconnectors/BaseCloudConnector.py", line 814, in _get_bootstrap_script_if_not_build_image
    if not self.is_build_image() else ''
  File "/Users/khaledbasbous/dev/slipstream/SlipStreamBootstrap/SlipStreamClient/client/src/main/python/slipstream/cloudconnectors/BaseCloudConnector.py", line 849, in _get_bootstrap_script
    username)
  File "/Users/khaledbasbous/dev/slipstream/SlipStreamBootstrap/SlipStreamClient/client/src/main/python/slipstream/cloudconnectors/BaseCloudConnector.py", line 862, in _build_slipstream_bootstrap_command
    return self.__build_slipstream_bootstrap_command_for_linux(instance_name)
  File "/Users/khaledbasbous/dev/slipstream/SlipStreamBootstrap/SlipStreamClient/client/src/main/python/slipstream/cloudconnectors/BaseCloudConnector.py", line 889, in __build_slipstream_bootstrap_command_for_linux
    return command % self._get_bootstrap_command_replacements_for_linux(instance_name)
  File "/Users/khaledbasbous/dev/slipstream/SlipStreamBootstrap/SlipStreamClient/client/src/main/python/slipstream/cloudconnectors/BaseCloudConnector.py", line 895, in _get_bootstrap_command_replacements_for_linux
    'bootstrapUrl': util.get_required_envvar('SLIPSTREAM_BOOTSTRAP_BIN'),
  File "/Users/khaledbasbous/dev/slipstream/SlipStreamBootstrap/SlipStreamClient/client/src/main/python/slipstream/util.py", line 839, in get_required_envvar
    raise Exception('ERROR: Environment variable %s is required.' % env_name)
Exception: ERROR: Environment variable SLIPSTREAM_BOOTSTRAP_BIN is required.
2018-08-06 10:50:25,400 - INFO - OneActionExecutor - MainThread -  Wendy - I am one action executor Wendy.
2018-08-06 10:50:25,400 - INFO - DeploymentStartJob - MainThread - Deployment start job started for deployment/hard-coded-uuid.
2018-08-06 10:50:35,162 - ERROR - OneActionExecutor - MainThread - Failed to process ERROR: Environment variable SLIPSTREAM_BOOTSTRAP_BIN is required..
Traceback (most recent call last):
  File "/Users/khaledbasbous/dev/slipstream/SlipStreamBootstrap/SlipStreamJobEngine/job/src/scripts/job_executor_one_action.py", line 27, in do_work
    action_instance.do_work()
  File "/Users/khaledbasbous/dev/slipstream/SlipStreamBootstrap/SlipStreamJobEngine/job/src/slipstream/job/actions/deployment_start.py", line 338, in do_work
    self.start_deployment()
  File "/Users/khaledbasbous/dev/slipstream/SlipStreamBootstrap/SlipStreamJobEngine/job/src/slipstream/job/actions/deployment_start.py", line 333, in start_deployment
    self.handle_deployment()
  File "/Users/khaledbasbous/dev/slipstream/SlipStreamBootstrap/SlipStreamJobEngine/job/src/slipstream/job/actions/deployment_start.py", line 324, in handle_deployment
    initialization_extra_kwargs)
  File "/Users/khaledbasbous/dev/slipstream/SlipStreamBootstrap/SlipStreamClient/client/src/main/python/slipstream/cloudconnectors/BaseCloudConnector.py", line 435, in start_nodes_and_clients
    nodes_instances)
  File "/Users/khaledbasbous/dev/slipstream/SlipStreamBootstrap/SlipStreamClient/client/src/main/python/slipstream/cloudconnectors/BaseCloudConnector.py", line 442, in __start_nodes_instantiation_tasks_wait_finished
    self.__wait_nodes_startup_tasks_finished()
  File "/Users/khaledbasbous/dev/slipstream/SlipStreamBootstrap/SlipStreamClient/client/src/main/python/slipstream/cloudconnectors/BaseCloudConnector.py", line 456, in __wait_nodes_startup_tasks_finished
    self.__tasks_runnner.wait_tasks_processed()
  File "/Users/khaledbasbous/dev/slipstream/SlipStreamBootstrap/SlipStreamClient/client/src/main/python/slipstream/utils/tasksrunner.py", line 58, in wait_tasks_processed
    self._process_exc_queue(ignore_exception)
  File "/Users/khaledbasbous/dev/slipstream/SlipStreamBootstrap/SlipStreamClient/client/src/main/python/slipstream/utils/tasksrunner.py", line 114, in run
    super(ThreadWrapper, self).run()
  File "/usr/local/Cellar/python@2/2.7.14_3/Frameworks/Python.framework/Versions/2.7/lib/python2.7/threading.py", line 754, in run
    self.__target(*self.__args, **self.__kwargs)
  File "/Users/khaledbasbous/dev/slipstream/SlipStreamBootstrap/SlipStreamClient/client/src/main/python/slipstream/utils/tasksrunner.py", line 92, in work
    self._executor(*task)
  File "/Users/khaledbasbous/dev/slipstream/SlipStreamBootstrap/SlipStreamClient/client/src/main/python/slipstream/cloudconnectors/BaseCloudConnector.py", line 465, in __start_node_instance_and_client
    self._generate_vm_name(node_instance_name))
  File "/Users/khaledbasbous/dev/slipstream/SlipStreamBootstrap/SlipStreamClient/client/src/main/python/slipstream/util.py", line 119, in overrided_func
    return func(self, *args, **kwargs)
  File "/Users/khaledbasbous/dev/slipstream/SlipStreamBootstrap/SlipStreamConnectorsEnterprise/exoscale/python/tar/slipstream_exoscale/ExoscaleClientCloud.py", line 121, in _start_image
    vm = super(ExoscaleClientCloud, self)._start_image(user_info, node_instance, vm_name)
  File "/Users/khaledbasbous/dev/slipstream/SlipStreamBootstrap/SlipStreamClient/client/src/main/python/slipstream/util.py", line 119, in overrided_func
    return func(self, *args, **kwargs)
  File "/Users/khaledbasbous/dev/slipstream/SlipStreamBootstrap/SlipStreamConnectors/cloudstack/python/tar/slipstream_cloudstack/CloudStackClientCloud.py", line 187, in _start_image
    return self._start_image_on_cloudstack(user_info, node_instance, vm_name)
  File "/Users/khaledbasbous/dev/slipstream/SlipStreamBootstrap/SlipStreamConnectors/cloudstack/python/tar/slipstream_cloudstack/CloudStackClientCloud.py", line 198, in _start_image_on_cloudstack
    contextualization_script = self._get_bootstrap_script_if_not_build_image(node_instance)
  File "/Users/khaledbasbous/dev/slipstream/SlipStreamBootstrap/SlipStreamClient/client/src/main/python/slipstream/cloudconnectors/BaseCloudConnector.py", line 814, in _get_bootstrap_script_if_not_build_image
    if not self.is_build_image() else ''
  File "/Users/khaledbasbous/dev/slipstream/SlipStreamBootstrap/SlipStreamClient/client/src/main/python/slipstream/cloudconnectors/BaseCloudConnector.py", line 849, in _get_bootstrap_script
    username)
  File "/Users/khaledbasbous/dev/slipstream/SlipStreamBootstrap/SlipStreamClient/client/src/main/python/slipstream/cloudconnectors/BaseCloudConnector.py", line 862, in _build_slipstream_bootstrap_command
    return self.__build_slipstream_bootstrap_command_for_linux(instance_name)
  File "/Users/khaledbasbous/dev/slipstream/SlipStreamBootstrap/SlipStreamClient/client/src/main/python/slipstream/cloudconnectors/BaseCloudConnector.py", line 889, in __build_slipstream_bootstrap_command_for_linux
    return command % self._get_bootstrap_command_replacements_for_linux(instance_name)
  File "/Users/khaledbasbous/dev/slipstream/SlipStreamBootstrap/SlipStreamClient/client/src/main/python/slipstream/cloudconnectors/BaseCloudConnector.py", line 895, in _get_bootstrap_command_replacements_for_linux
    'bootstrapUrl': util.get_required_envvar('SLIPSTREAM_BOOTSTRAP_BIN'),
  File "/Users/khaledbasbous/dev/slipstream/SlipStreamBootstrap/SlipStreamClient/client/src/main/python/slipstream/util.py", line 839, in get_required_envvar
    raise Exception('ERROR: Environment variable %s is required.' % env_name)
Exception: ERROR: Environment variable SLIPSTREAM_BOOTSTRAP_BIN is required.
2018-08-06 10:50:45,466 - INFO - OneActionExecutor - MainThread -  Mr. Slave - I am one action executor Mr. Slave.
2018-08-06 10:50:45,466 - INFO - DeploymentStartJob - MainThread - Deployment start job started for deployment/hard-coded-uuid.
2018-08-06 10:51:15,327 - ERROR - OneActionExecutor - MainThread - Failed to process ERROR: Environment variable SLIPSTREAM_BOOTSTRAP_BIN is required..
Traceback (most recent call last):
  File "/Users/khaledbasbous/dev/slipstream/SlipStreamBootstrap/SlipStreamJobEngine/job/src/scripts/job_executor_one_action.py", line 27, in do_work
    action_instance.do_work()
  File "/Users/khaledbasbous/dev/slipstream/SlipStreamBootstrap/SlipStreamJobEngine/job/src/slipstream/job/actions/deployment_start.py", line 338, in do_work
    self.start_deployment()
  File "/Users/khaledbasbous/dev/slipstream/SlipStreamBootstrap/SlipStreamJobEngine/job/src/slipstream/job/actions/deployment_start.py", line 333, in start_deployment
    self.handle_deployment()
  File "/Users/khaledbasbous/dev/slipstream/SlipStreamBootstrap/SlipStreamJobEngine/job/src/slipstream/job/actions/deployment_start.py", line 324, in handle_deployment
    initialization_extra_kwargs)
  File "/Users/khaledbasbous/dev/slipstream/SlipStreamBootstrap/SlipStreamClient/client/src/main/python/slipstream/cloudconnectors/BaseCloudConnector.py", line 435, in start_nodes_and_clients
    nodes_instances)
  File "/Users/khaledbasbous/dev/slipstream/SlipStreamBootstrap/SlipStreamClient/client/src/main/python/slipstream/cloudconnectors/BaseCloudConnector.py", line 442, in __start_nodes_instantiation_tasks_wait_finished
    self.__wait_nodes_startup_tasks_finished()
  File "/Users/khaledbasbous/dev/slipstream/SlipStreamBootstrap/SlipStreamClient/client/src/main/python/slipstream/cloudconnectors/BaseCloudConnector.py", line 456, in __wait_nodes_startup_tasks_finished
    self.__tasks_runnner.wait_tasks_processed()
  File "/Users/khaledbasbous/dev/slipstream/SlipStreamBootstrap/SlipStreamClient/client/src/main/python/slipstream/utils/tasksrunner.py", line 58, in wait_tasks_processed
    self._process_exc_queue(ignore_exception)
  File "/Users/khaledbasbous/dev/slipstream/SlipStreamBootstrap/SlipStreamClient/client/src/main/python/slipstream/utils/tasksrunner.py", line 114, in run
    super(ThreadWrapper, self).run()
  File "/usr/local/Cellar/python@2/2.7.14_3/Frameworks/Python.framework/Versions/2.7/lib/python2.7/threading.py", line 754, in run
    self.__target(*self.__args, **self.__kwargs)
  File "/Users/khaledbasbous/dev/slipstream/SlipStreamBootstrap/SlipStreamClient/client/src/main/python/slipstream/utils/tasksrunner.py", line 92, in work
    self._executor(*task)
  File "/Users/khaledbasbous/dev/slipstream/SlipStreamBootstrap/SlipStreamClient/client/src/main/python/slipstream/cloudconnectors/BaseCloudConnector.py", line 465, in __start_node_instance_and_client
    self._generate_vm_name(node_instance_name))
  File "/Users/khaledbasbous/dev/slipstream/SlipStreamBootstrap/SlipStreamClient/client/src/main/python/slipstream/util.py", line 119, in overrided_func
    return func(self, *args, **kwargs)
  File "/Users/khaledbasbous/dev/slipstream/SlipStreamBootstrap/SlipStreamConnectorsEnterprise/exoscale/python/tar/slipstream_exoscale/ExoscaleClientCloud.py", line 121, in _start_image
    vm = super(ExoscaleClientCloud, self)._start_image(user_info, node_instance, vm_name)
  File "/Users/khaledbasbous/dev/slipstream/SlipStreamBootstrap/SlipStreamClient/client/src/main/python/slipstream/util.py", line 119, in overrided_func
    return func(self, *args, **kwargs)
  File "/Users/khaledbasbous/dev/slipstream/SlipStreamBootstrap/SlipStreamConnectors/cloudstack/python/tar/slipstream_cloudstack/CloudStackClientCloud.py", line 187, in _start_image
    return self._start_image_on_cloudstack(user_info, node_instance, vm_name)
  File "/Users/khaledbasbous/dev/slipstream/SlipStreamBootstrap/SlipStreamConnectors/cloudstack/python/tar/slipstream_cloudstack/CloudStackClientCloud.py", line 198, in _start_image_on_cloudstack
    contextualization_script = self._get_bootstrap_script_if_not_build_image(node_instance)
  File "/Users/khaledbasbous/dev/slipstream/SlipStreamBootstrap/SlipStreamClient/client/src/main/python/slipstream/cloudconnectors/BaseCloudConnector.py", line 814, in _get_bootstrap_script_if_not_build_image
    if not self.is_build_image() else ''
  File "/Users/khaledbasbous/dev/slipstream/SlipStreamBootstrap/SlipStreamClient/client/src/main/python/slipstream/cloudconnectors/BaseCloudConnector.py", line 849, in _get_bootstrap_script
    username)
  File "/Users/khaledbasbous/dev/slipstream/SlipStreamBootstrap/SlipStreamClient/client/src/main/python/slipstream/cloudconnectors/BaseCloudConnector.py", line 862, in _build_slipstream_bootstrap_command
    return self.__build_slipstream_bootstrap_command_for_linux(instance_name)
  File "/Users/khaledbasbous/dev/slipstream/SlipStreamBootstrap/SlipStreamClient/client/src/main/python/slipstream/cloudconnectors/BaseCloudConnector.py", line 889, in __build_slipstream_bootstrap_command_for_linux
    return command % self._get_bootstrap_command_replacements_for_linux(instance_name)
  File "/Users/khaledbasbous/dev/slipstream/SlipStreamBootstrap/SlipStreamClient/client/src/main/python/slipstream/cloudconnectors/BaseCloudConnector.py", line 895, in _get_bootstrap_command_replacements_for_linux
    'bootstrapUrl': util.get_required_envvar('SLIPSTREAM_BOOTSTRAP_BIN'),
  File "/Users/khaledbasbous/dev/slipstream/SlipStreamBootstrap/SlipStreamClient/client/src/main/python/slipstream/util.py", line 839, in get_required_envvar
    raise Exception('ERROR: Environment variable %s is required.' % env_name)
Exception: ERROR: Environment variable SLIPSTREAM_BOOTSTRAP_BIN is required.
2018-08-06 10:51:53,813 - INFO - OneActionExecutor - MainThread -  Wendy - I am one action executor Wendy.
2018-08-06 10:51:53,814 - INFO - DeploymentStartJob - MainThread - Deployment start job started for deployment/hard-coded-uuid.
2018-08-06 10:58:27,874 - INFO - OneActionExecutor - MainThread -  Timmy - I am one action executor Timmy.
2018-08-06 10:58:27,874 - INFO - DeploymentStartJob - MainThread - Deployment start job started for deployment/hard-coded-uuid.
2018-08-06 10:59:00,431 - ERROR - OneActionExecutor - MainThread - Failed to process Malformed URL: No connection adapters were found for '/run//node.1:instanceid?ignoreabort=true'.
Traceback (most recent call last):
  File "/Users/khaledbasbous/dev/slipstream/SlipStreamBootstrap/SlipStreamJobEngine/job/src/scripts/job_executor_one_action.py", line 27, in do_work
    action_instance.do_work()
  File "/Users/khaledbasbous/dev/slipstream/SlipStreamBootstrap/SlipStreamJobEngine/job/src/slipstream/job/actions/deployment_start.py", line 338, in do_work
    self.start_deployment()
  File "/Users/khaledbasbous/dev/slipstream/SlipStreamBootstrap/SlipStreamJobEngine/job/src/slipstream/job/actions/deployment_start.py", line 333, in start_deployment
    self.handle_deployment()
  File "/Users/khaledbasbous/dev/slipstream/SlipStreamBootstrap/SlipStreamJobEngine/job/src/slipstream/job/actions/deployment_start.py", line 324, in handle_deployment
    initialization_extra_kwargs)
  File "/Users/khaledbasbous/dev/slipstream/SlipStreamBootstrap/SlipStreamClient/client/src/main/python/slipstream/cloudconnectors/BaseCloudConnector.py", line 435, in start_nodes_and_clients
    nodes_instances)
  File "/Users/khaledbasbous/dev/slipstream/SlipStreamBootstrap/SlipStreamClient/client/src/main/python/slipstream/cloudconnectors/BaseCloudConnector.py", line 442, in __start_nodes_instantiation_tasks_wait_finished
    self.__wait_nodes_startup_tasks_finished()
  File "/Users/khaledbasbous/dev/slipstream/SlipStreamBootstrap/SlipStreamClient/client/src/main/python/slipstream/cloudconnectors/BaseCloudConnector.py", line 456, in __wait_nodes_startup_tasks_finished
    self.__tasks_runnner.wait_tasks_processed()
  File "/Users/khaledbasbous/dev/slipstream/SlipStreamBootstrap/SlipStreamClient/client/src/main/python/slipstream/utils/tasksrunner.py", line 58, in wait_tasks_processed
    self._process_exc_queue(ignore_exception)
  File "/Users/khaledbasbous/dev/slipstream/SlipStreamBootstrap/SlipStreamClient/client/src/main/python/slipstream/utils/tasksrunner.py", line 114, in run
    super(ThreadWrapper, self).run()
  File "/usr/local/Cellar/python@2/2.7.14_3/Frameworks/Python.framework/Versions/2.7/lib/python2.7/threading.py", line 754, in run
    self.__target(*self.__args, **self.__kwargs)
  File "/Users/khaledbasbous/dev/slipstream/SlipStreamBootstrap/SlipStreamClient/client/src/main/python/slipstream/utils/tasksrunner.py", line 92, in work
    self._executor(*task)
  File "/Users/khaledbasbous/dev/slipstream/SlipStreamBootstrap/SlipStreamClient/client/src/main/python/slipstream/cloudconnectors/BaseCloudConnector.py", line 467, in __start_node_instance_and_client
    self.__add_vm(vm, node_instance)
  File "/Users/khaledbasbous/dev/slipstream/SlipStreamBootstrap/SlipStreamClient/client/src/main/python/slipstream/cloudconnectors/BaseCloudConnector.py", line 493, in __add_vm
    self._publish_vm_info(vm, node_instance)
  File "/Users/khaledbasbous/dev/slipstream/SlipStreamBootstrap/SlipStreamClient/client/src/main/python/slipstream/cloudconnectors/BaseCloudConnector.py", line 509, in _publish_vm_info
    self._publish_vm_id(instance_name, vm_id)
  File "/Users/khaledbasbous/dev/slipstream/SlipStreamBootstrap/SlipStreamClient/client/src/main/python/slipstream/cloudconnectors/BaseCloudConnector.py", line 521, in _publish_vm_id
    str(vm_id))
  File "/Users/khaledbasbous/dev/slipstream/SlipStreamBootstrap/SlipStreamClient/client/src/main/python/slipstream/wrappers/BaseWrapper.py", line 57, in publish_instanceid
    self._set_runtime_parameter(nodename, 'instanceid', vm_id)
  File "/Users/khaledbasbous/dev/slipstream/SlipStreamBootstrap/SlipStreamClient/client/src/main/python/slipstream/wrappers/BaseWrapper.py", line 68, in _set_runtime_parameter
    self.setRuntimeParameter(parameter, value, ignoreAbort=True)
  File "/Users/khaledbasbous/dev/slipstream/SlipStreamBootstrap/SlipStreamClient/client/src/main/python/slipstream/SlipStreamHttpClient.py", line 277, in setRuntimeParameter
    accept='text/plain')
  File "/Users/khaledbasbous/dev/slipstream/SlipStreamBootstrap/SlipStreamClient/client/src/main/python/slipstream/SlipStreamHttpClient.py", line 293, in _httpPut
    return self.httpClient.put(url, body, contentType, accept, retry=self.retry)
  File "/Users/khaledbasbous/dev/slipstream/SlipStreamBootstrap/SlipStreamClient/client/src/main/python/slipstream/HttpClient.py", line 92, in put
    resp = self._call(url, 'PUT', body, contentType, accept, retry=retry)
  File "/Users/khaledbasbous/dev/slipstream/SlipStreamBootstrap/SlipStreamClient/client/src/main/python/slipstream/HttpClient.py", line 207, in _call
    resp = _request(headers)
  File "/Users/khaledbasbous/dev/slipstream/SlipStreamBootstrap/SlipStreamClient/client/src/main/python/slipstream/HttpClient.py", line 170, in _request
    raise Exceptions.ClientError("Malformed URL: %s" % ex)
ClientError: Malformed URL: No connection adapters were found for '/run//node.1:instanceid?ignoreabort=true'
2018-08-06 11:05:03,836 - INFO - OneActionExecutor - MainThread -  M. Garrison - I am one action executor M. Garrison.
2018-08-06 11:05:03,837 - INFO - DeploymentStartJob - MainThread - Deployment start job started for deployment/hard-coded-uuid.
2018-08-06 11:19:43,414 - INFO - OneActionExecutor - MainThread -  Ike - I am one action executor Ike.
2018-08-06 11:19:43,415 - INFO - DeploymentStartJob - MainThread - Deployment start job started for deployment/hard-coded-uuid.
2018-08-06 11:32:32,833 - INFO - OneActionExecutor - MainThread -  Chef - I am one action executor Chef.
2018-08-06 11:32:32,833 - INFO - DeploymentStartJob - MainThread - Deployment start job started for deployment/hard-coded-uuid.
2018-08-06 11:35:06,209 - ERROR - OneActionExecutor - MainThread - Failed to process Malformed URL: No connection adapters were found for '/run//node.1:instanceid?ignoreabort=true'.
Traceback (most recent call last):
  File "/Users/khaledbasbous/dev/slipstream/SlipStreamBootstrap/SlipStreamJobEngine/job/src/scripts/job_executor_one_action.py", line 27, in do_work
    action_instance.do_work()
  File "/Users/khaledbasbous/dev/slipstream/SlipStreamBootstrap/SlipStreamJobEngine/job/src/slipstream/job/actions/deployment_start.py", line 232, in do_work
    self.start_deployment()
  File "/Users/khaledbasbous/dev/slipstream/SlipStreamBootstrap/SlipStreamJobEngine/job/src/slipstream/job/actions/deployment_start.py", line 227, in start_deployment
    self.handle_deployment()
  File "/Users/khaledbasbous/dev/slipstream/SlipStreamBootstrap/SlipStreamJobEngine/job/src/slipstream/job/actions/deployment_start.py", line 218, in handle_deployment
    initialization_extra_kwargs)
  File "/Users/khaledbasbous/dev/slipstream/SlipStreamBootstrap/SlipStreamClient/client/src/main/python/slipstream/cloudconnectors/BaseCloudConnector.py", line 435, in start_nodes_and_clients
    nodes_instances)
  File "/Users/khaledbasbous/dev/slipstream/SlipStreamBootstrap/SlipStreamClient/client/src/main/python/slipstream/cloudconnectors/BaseCloudConnector.py", line 442, in __start_nodes_instantiation_tasks_wait_finished
    self.__wait_nodes_startup_tasks_finished()
  File "/Users/khaledbasbous/dev/slipstream/SlipStreamBootstrap/SlipStreamClient/client/src/main/python/slipstream/cloudconnectors/BaseCloudConnector.py", line 456, in __wait_nodes_startup_tasks_finished
    self.__tasks_runnner.wait_tasks_processed()
  File "/Users/khaledbasbous/dev/slipstream/SlipStreamBootstrap/SlipStreamClient/client/src/main/python/slipstream/utils/tasksrunner.py", line 58, in wait_tasks_processed
    self._process_exc_queue(ignore_exception)
  File "/Users/khaledbasbous/dev/slipstream/SlipStreamBootstrap/SlipStreamClient/client/src/main/python/slipstream/utils/tasksrunner.py", line 114, in run
    super(ThreadWrapper, self).run()
  File "/usr/local/Cellar/python@2/2.7.14_3/Frameworks/Python.framework/Versions/2.7/lib/python2.7/threading.py", line 754, in run
    self.__target(*self.__args, **self.__kwargs)
  File "/Users/khaledbasbous/dev/slipstream/SlipStreamBootstrap/SlipStreamClient/client/src/main/python/slipstream/utils/tasksrunner.py", line 92, in work
    self._executor(*task)
  File "/Users/khaledbasbous/dev/slipstream/SlipStreamBootstrap/SlipStreamClient/client/src/main/python/slipstream/cloudconnectors/BaseCloudConnector.py", line 467, in __start_node_instance_and_client
    self.__add_vm(vm, node_instance)
  File "/Users/khaledbasbous/dev/slipstream/SlipStreamBootstrap/SlipStreamClient/client/src/main/python/slipstream/cloudconnectors/BaseCloudConnector.py", line 493, in __add_vm
    self._publish_vm_info(vm, node_instance)
  File "/Users/khaledbasbous/dev/slipstream/SlipStreamBootstrap/SlipStreamClient/client/src/main/python/slipstream/cloudconnectors/BaseCloudConnector.py", line 509, in _publish_vm_info
    self._publish_vm_id(instance_name, vm_id)
  File "/Users/khaledbasbous/dev/slipstream/SlipStreamBootstrap/SlipStreamClient/client/src/main/python/slipstream/cloudconnectors/BaseCloudConnector.py", line 521, in _publish_vm_id
    str(vm_id))
  File "/Users/khaledbasbous/dev/slipstream/SlipStreamBootstrap/SlipStreamClient/client/src/main/python/slipstream/wrappers/BaseWrapper.py", line 57, in publish_instanceid
    self._set_runtime_parameter(nodename, 'instanceid', vm_id)
  File "/Users/khaledbasbous/dev/slipstream/SlipStreamBootstrap/SlipStreamClient/client/src/main/python/slipstream/wrappers/BaseWrapper.py", line 68, in _set_runtime_parameter
    self.setRuntimeParameter(parameter, value, ignoreAbort=True)
  File "/Users/khaledbasbous/dev/slipstream/SlipStreamBootstrap/SlipStreamClient/client/src/main/python/slipstream/SlipStreamHttpClient.py", line 277, in setRuntimeParameter
    accept='text/plain')
  File "/Users/khaledbasbous/dev/slipstream/SlipStreamBootstrap/SlipStreamClient/client/src/main/python/slipstream/SlipStreamHttpClient.py", line 293, in _httpPut
    return self.httpClient.put(url, body, contentType, accept, retry=self.retry)
  File "/Users/khaledbasbous/dev/slipstream/SlipStreamBootstrap/SlipStreamClient/client/src/main/python/slipstream/HttpClient.py", line 92, in put
    resp = self._call(url, 'PUT', body, contentType, accept, retry=retry)
  File "/Users/khaledbasbous/dev/slipstream/SlipStreamBootstrap/SlipStreamClient/client/src/main/python/slipstream/HttpClient.py", line 207, in _call
    resp = _request(headers)
  File "/Users/khaledbasbous/dev/slipstream/SlipStreamBootstrap/SlipStreamClient/client/src/main/python/slipstream/HttpClient.py", line 170, in _request
    raise Exceptions.ClientError("Malformed URL: %s" % ex)
ClientError: Malformed URL: No connection adapters were found for '/run//node.1:instanceid?ignoreabort=true'
2018-08-06 11:35:57,341 - INFO - OneActionExecutor - MainThread -  Kenny - I am one action executor Kenny.
2018-08-06 11:35:57,342 - INFO - DeploymentStartJob - MainThread - Deployment start job started for deployment/hard-coded-uuid.
2018-08-06 11:37:38,241 - ERROR - OneActionExecutor - MainThread - Failed to process Malformed URL: No connection adapters were found for '/run//node.1:instanceid?ignoreabort=true'.
Traceback (most recent call last):
  File "/Users/khaledbasbous/dev/slipstream/SlipStreamBootstrap/SlipStreamJobEngine/job/src/scripts/job_executor_one_action.py", line 27, in do_work
    action_instance.do_work()
  File "/Users/khaledbasbous/dev/slipstream/SlipStreamBootstrap/SlipStreamJobEngine/job/src/slipstream/job/actions/deployment_start.py", line 232, in do_work
    self.start_deployment()
  File "/Users/khaledbasbous/dev/slipstream/SlipStreamBootstrap/SlipStreamJobEngine/job/src/slipstream/job/actions/deployment_start.py", line 227, in start_deployment
    self.handle_deployment()
  File "/Users/khaledbasbous/dev/slipstream/SlipStreamBootstrap/SlipStreamJobEngine/job/src/slipstream/job/actions/deployment_start.py", line 218, in handle_deployment
    initialization_extra_kwargs)
  File "/Users/khaledbasbous/dev/slipstream/SlipStreamBootstrap/SlipStreamClient/client/src/main/python/slipstream/cloudconnectors/BaseCloudConnector.py", line 435, in start_nodes_and_clients
    nodes_instances)
  File "/Users/khaledbasbous/dev/slipstream/SlipStreamBootstrap/SlipStreamClient/client/src/main/python/slipstream/cloudconnectors/BaseCloudConnector.py", line 442, in __start_nodes_instantiation_tasks_wait_finished
    self.__wait_nodes_startup_tasks_finished()
  File "/Users/khaledbasbous/dev/slipstream/SlipStreamBootstrap/SlipStreamClient/client/src/main/python/slipstream/cloudconnectors/BaseCloudConnector.py", line 456, in __wait_nodes_startup_tasks_finished
    self.__tasks_runnner.wait_tasks_processed()
  File "/Users/khaledbasbous/dev/slipstream/SlipStreamBootstrap/SlipStreamClient/client/src/main/python/slipstream/utils/tasksrunner.py", line 58, in wait_tasks_processed
    self._process_exc_queue(ignore_exception)
  File "/Users/khaledbasbous/dev/slipstream/SlipStreamBootstrap/SlipStreamClient/client/src/main/python/slipstream/utils/tasksrunner.py", line 114, in run
    super(ThreadWrapper, self).run()
  File "/usr/local/Cellar/python@2/2.7.14_3/Frameworks/Python.framework/Versions/2.7/lib/python2.7/threading.py", line 754, in run
    self.__target(*self.__args, **self.__kwargs)
  File "/Users/khaledbasbous/dev/slipstream/SlipStreamBootstrap/SlipStreamClient/client/src/main/python/slipstream/utils/tasksrunner.py", line 92, in work
    self._executor(*task)
  File "/Users/khaledbasbous/dev/slipstream/SlipStreamBootstrap/SlipStreamClient/client/src/main/python/slipstream/cloudconnectors/BaseCloudConnector.py", line 467, in __start_node_instance_and_client
    self.__add_vm(vm, node_instance)
  File "/Users/khaledbasbous/dev/slipstream/SlipStreamBootstrap/SlipStreamClient/client/src/main/python/slipstream/cloudconnectors/BaseCloudConnector.py", line 493, in __add_vm
    self._publish_vm_info(vm, node_instance)
  File "/Users/khaledbasbous/dev/slipstream/SlipStreamBootstrap/SlipStreamClient/client/src/main/python/slipstream/cloudconnectors/BaseCloudConnector.py", line 509, in _publish_vm_info
    self._publish_vm_id(instance_name, vm_id)
  File "/Users/khaledbasbous/dev/slipstream/SlipStreamBootstrap/SlipStreamClient/client/src/main/python/slipstream/cloudconnectors/BaseCloudConnector.py", line 521, in _publish_vm_id
    str(vm_id))
  File "/Users/khaledbasbous/dev/slipstream/SlipStreamBootstrap/SlipStreamClient/client/src/main/python/slipstream/wrappers/BaseWrapper.py", line 57, in publish_instanceid
    self._set_runtime_parameter(nodename, 'instanceid', vm_id)
  File "/Users/khaledbasbous/dev/slipstream/SlipStreamBootstrap/SlipStreamClient/client/src/main/python/slipstream/wrappers/BaseWrapper.py", line 68, in _set_runtime_parameter
    self.setRuntimeParameter(parameter, value, ignoreAbort=True)
  File "/Users/khaledbasbous/dev/slipstream/SlipStreamBootstrap/SlipStreamClient/client/src/main/python/slipstream/SlipStreamHttpClient.py", line 277, in setRuntimeParameter
    accept='text/plain')
  File "/Users/khaledbasbous/dev/slipstream/SlipStreamBootstrap/SlipStreamClient/client/src/main/python/slipstream/SlipStreamHttpClient.py", line 293, in _httpPut
    return self.httpClient.put(url, body, contentType, accept, retry=self.retry)
  File "/Users/khaledbasbous/dev/slipstream/SlipStreamBootstrap/SlipStreamClient/client/src/main/python/slipstream/HttpClient.py", line 92, in put
    resp = self._call(url, 'PUT', body, contentType, accept, retry=retry)
  File "/Users/khaledbasbous/dev/slipstream/SlipStreamBootstrap/SlipStreamClient/client/src/main/python/slipstream/HttpClient.py", line 207, in _call
    resp = _request(headers)
  File "/Users/khaledbasbous/dev/slipstream/SlipStreamBootstrap/SlipStreamClient/client/src/main/python/slipstream/HttpClient.py", line 170, in _request
    raise Exceptions.ClientError("Malformed URL: %s" % ex)
ClientError: Malformed URL: No connection adapters were found for '/run//node.1:instanceid?ignoreabort=true'
2018-08-06 16:28:49,700 - INFO - OneActionExecutor - MainThread -  Mr. Mackey - I am one action executor Mr. Mackey.
2018-08-06 16:28:49,701 - INFO - DeploymentStartJob - MainThread - Deployment start job started for deployment/hard-coded-uuid.
2018-08-06 16:29:39,754 - ERROR - OneActionExecutor - MainThread - Failed to process 'NodeInstance' object does not support item assignment.
Traceback (most recent call last):
  File "/Users/khaledbasbous/dev/slipstream/SlipStreamBootstrap/SlipStreamJobEngine/job/src/scripts/job_executor_one_action.py", line 27, in do_work
    action_instance.do_work()
  File "/Users/khaledbasbous/dev/slipstream/SlipStreamBootstrap/SlipStreamJobEngine/job/src/slipstream/job/actions/deployment_start.py", line 230, in do_work
    self.start_deployment()
  File "/Users/khaledbasbous/dev/slipstream/SlipStreamBootstrap/SlipStreamJobEngine/job/src/slipstream/job/actions/deployment_start.py", line 225, in start_deployment
    self.handle_deployment()
  File "/Users/khaledbasbous/dev/slipstream/SlipStreamBootstrap/SlipStreamJobEngine/job/src/slipstream/job/actions/deployment_start.py", line 216, in handle_deployment
    connector_instance.start_nodes_and_clients(user_info, node_instances, initialization_extra_kwargs)
  File "/Users/khaledbasbous/dev/slipstream/SlipStreamBootstrap/SlipStreamClient/client/src/main/python/slipstream/cloudconnectors/BaseCloudConnector.py", line 435, in start_nodes_and_clients
    nodes_instances)
  File "/Users/khaledbasbous/dev/slipstream/SlipStreamBootstrap/SlipStreamClient/client/src/main/python/slipstream/cloudconnectors/BaseCloudConnector.py", line 442, in __start_nodes_instantiation_tasks_wait_finished
    self.__wait_nodes_startup_tasks_finished()
  File "/Users/khaledbasbous/dev/slipstream/SlipStreamBootstrap/SlipStreamClient/client/src/main/python/slipstream/cloudconnectors/BaseCloudConnector.py", line 456, in __wait_nodes_startup_tasks_finished
    self.__tasks_runnner.wait_tasks_processed()
  File "/Users/khaledbasbous/dev/slipstream/SlipStreamBootstrap/SlipStreamClient/client/src/main/python/slipstream/utils/tasksrunner.py", line 58, in wait_tasks_processed
    self._process_exc_queue(ignore_exception)
  File "/Users/khaledbasbous/dev/slipstream/SlipStreamBootstrap/SlipStreamClient/client/src/main/python/slipstream/utils/tasksrunner.py", line 114, in run
    super(ThreadWrapper, self).run()
  File "/usr/local/Cellar/python@2/2.7.14_3/Frameworks/Python.framework/Versions/2.7/lib/python2.7/threading.py", line 754, in run
    self.__target(*self.__args, **self.__kwargs)
  File "/Users/khaledbasbous/dev/slipstream/SlipStreamBootstrap/SlipStreamClient/client/src/main/python/slipstream/utils/tasksrunner.py", line 92, in work
    self._executor(*task)
  File "/Users/khaledbasbous/dev/slipstream/SlipStreamBootstrap/SlipStreamClient/client/src/main/python/slipstream/cloudconnectors/BaseCloudConnector.py", line 467, in __start_node_instance_and_client
    self.__add_vm(vm, node_instance)
  File "/Users/khaledbasbous/dev/slipstream/SlipStreamBootstrap/SlipStreamClient/client/src/main/python/slipstream/cloudconnectors/BaseCloudConnector.py", line 493, in __add_vm
    self._publish_vm_info(vm, node_instance)
  File "/Users/khaledbasbous/dev/slipstream/SlipStreamBootstrap/SlipStreamClient/client/src/main/python/slipstream/cloudconnectors/BaseCloudConnector.py", line 510, in _publish_vm_info
    node_instance['instanceid'] = vm_id
TypeError: 'NodeInstance' object does not support item assignment
2018-08-06 16:33:42,466 - INFO - OneActionExecutor - MainThread -  Stan - I am one action executor Stan.
2018-08-06 16:33:42,466 - INFO - DeploymentStartJob - MainThread - Deployment start job started for deployment/hard-coded-uuid.
